<!DOCTYPE html>
<html lang="en">
<head>
    <meta charset="UTF-8">
    <title>测试报告</title>
    <link rel="stylesheet" href="https://cdn.jsdelivr.net/npm/bootstrap@4.5.0/dist/css/bootstrap.min.css"
          integrity="sha384-9aIt2nRpC12Uk9gS9baDl411NQApFmC26EwAOH8WgZl5MYYxFfc+NcPb1dKGj7Sk" crossorigin="anonymous">
    <!--    页面样式-->
    <style type="text/css">
        /*标题样式*/
        .title {
            width: auto;
            height: 60px;
            text-align: center;
            font: bolder 38px/60px "Microsoft YaHei UI";
        }

        /*汇总信息样式*/
        .summary {
            width: 90%;
            position: absolute;
            top: 120px;
            margin-left: 5%;

        }

        .text-left {
            font: bolder 20px/30px "Microsoft YaHei UI";
        }

        .left {
            width: 50%;
            float: left;

        }

        .right {
            width: 50%;
            float: right;

        }

        .desc {
            float: left;
            width: 100%;
        }

        .list-group-item span {
            font: normal 16px/38px "Microsoft YaHei UI";
            padding: 30px;

        }

        .list-group-item {
            position: relative;
            display: block;
            padding: .4rem 1.25rem;
            background-color: #fff;
            border: 1px solid rgba(0, 0, 0, .125);
        }

        /* 执行信息样式   */
        .test_info {
            width: 90%;
            position: absolute;
            top: 900px;
            margin-left: 5%;

            color: #28a745 !important;
        }

        .table td, th {
            border: solid 2px rgba(9, 122, 51, 0.11) !important;
            padding: 0;
            line-height: 40px;
            text-align: center;

        }


        select {
            border: 0;
            padding: 0;
            margin: 0;
            height: 2em;
            width: 8em;
            margin-left: 2em;
        }

        option {
            text-align: center;
            height: 36px;
            font: none 18px/36px "Microsoft YaHei UI";
            color: #28a745 !important;
        }

        .test_log {
            background: rgba(163, 171, 189, 0.15);
            width: 100%;
            height: 50px;
            border-top: none;
            border-bottom: none;
            display: none;
            text-align: left;
        }

        .test_log td {
            text-align: left;
            height: 30px;
            margin: 0;
            padding-left: 3em;
            padding-right:3em;
            font: none 18px/24px "Microsoft YaHei UI";
            color: #9e141a;
        }

        pre {
            margin: 0;
            white-space: pre-wrap;
            white-space: -moz-pre-wrap;
            white-space: -o-pre-wrap;
            word-wrap: break-word;
        }

        /*    测试图表显示*/
        .char {
            width: 90%;
            position: absolute;
            top: 450px;
            margin-left: 5%;
            color: #28a745 !important;
        }

    </style>

</head>
<body>

<!--报告标题-->
<div class="title text-success">
    <div class="shadow-lg p-3 mb-5 bg-white rounded">接口测试报告</div>
</div>

<!--汇总信息-->
<div class="summary">
    <p class="text-left text-success">测试结果汇总</p>
    <div class="left">
        <ul class="list-group">
            <li class="list-group-item">
                <button type="button" class="btn btn-success">测试人员</button>
                <span class="text-dark">测试人员—系统</span>
            </li>
            <li class="list-group-item">
                <button type="button" class="btn btn-success">开始时间</button>
                <span class="text-dark">2021-06-28 14:32:02</span>
            </li>
            <li class="list-group-item">
                <button type="button" class="btn btn-success">执行时间</button>
                <span class="text-dark">122.81 S</span>
            </li>
            <li class="list-group-item">
                <button type="button" class="btn btn-success">用例总数</button>
                <span class="text-dark">90</span>
            </li>


        </ul>
    </div>
    <div class="right">
        <ul class="list-group">

            <li class="list-group-item">
                <button type="button" class="btn btn-success">成功用例</button>
                <span class="text-success">50</span>
            </li>
            <li class="list-group-item">
                <button type="button" class="btn btn-danger">失败用例</button>
                <span class="text-warning">37</span>
            </li>
            <li class="list-group-item">
                <button type="button" class="btn btn-warning">错误用例</button>
                <span class="text-danger">0</span>
            </li>
            <li class="list-group-item">
                <button type="button" class="btn btn-secondary">跳过用例</button>
                <span class="text-secondary">3</span>
            </li>
        </ul>
    </div>
    <div class="desc">
        <ul class="list-group">
            <li class="list-group-item">
                <button type="button" class="btn btn-success">描述信息</button>
                <span class="text-secondary">报告描述</span>
            </li>
        </ul>
    </div>


</div>

<!--测试图表-->
<div class="char">
    <p class="text-left text-success">图表展示</p>
    <div id="char2" style="width: 49%;height: 400px;float: left"></div>
    <div id="char" style="width: 49%;height: 400px ;float: left"></div>
</div>

<!--详细信息-->
<div class="test_info">

    <p class="text-left text-success">详细信息</p>
    <div class="table_data">

        <table class="table">
            <thead class="bg-success text-light">
            <tr>
                <th scope="col" style="width: 5%;padding: 0">编号</th>
                <th scope="col" style="width: 20%;padding: 0">
                    <span>测试类</span>
                    <select id="testClass">
                        <option>所有</option>
                        
                            <option>TestImportOrder</option>
                        
                            <option>TestImportOrder</option>
                        
                            <option>TestCreateProduct</option>
                        
                            <option>TestImportOrder</option>
                        
                            <option>TestLogin</option>
                        
                            <option>TestProductPut</option>
                        
                            <option>TestTeacherRequirement</option>
                        
                    </select>

                </th>

                <th scope="col" style="width: 15%;padding: 0">测试方法</th>
                <th scope="col" style="width: 20%;padding: 0">用例描述</th>
                <th scope="col" style="width: 10%;padding: 0">执行时间</th>
                <th scope="col" style="width: 20%;padding: 0">

                    <span>执行结果</span>
                    <select id="testResult">
                        <option>所有</option>
                        <option class="text-success">成功</option>
                        <option class="text-danger">失败</option>
                        <option class="text-warning">错误</option>
                        <option class="text-info">跳过</option>
                    </select>

                </th>
                <th scope="col" style="width: 10%;padding: 0">详细信息</th>
            </tr>
            </thead>
            <tbody>
            
                <tr>
                    <td>1</td>
                    <td class="TestImportOrder">TestImportOrder</td>
                    <td>test_active_contract_1</td>
                    <td>激活成功-激活商品合同协议</td>
                    <td>3.09s</td>
                    
                        <td class="text-success">成功</td>
                    
                    <td>
                        <button type="button" class="btn btn-success btn_info">查看详情</button>
                    </td>
                </tr>

                <tr class="test_log">

                    <td colspan="7" class="small text-muted" style=" word-wrap:break-word; word-break:break-all">
                        

                            <pre>test_active_contract_1 (test_active_contract.TestImportOrder)执行——>【通过】
</pre>
                        
                        
                    </td>
                </tr>
            
                <tr>
                    <td>2</td>
                    <td class="TestImportOrder">TestImportOrder</td>
                    <td>test_active_contract_2</td>
                    <td>激活成功-激活商品合同协议传入时间及备注</td>
                    <td>2.95s</td>
                    
                        <td class="text-success">成功</td>
                    
                    <td>
                        <button type="button" class="btn btn-success btn_info">查看详情</button>
                    </td>
                </tr>

                <tr class="test_log">

                    <td colspan="7" class="small text-muted" style=" word-wrap:break-word; word-break:break-all">
                        

                            <pre>test_active_contract_2 (test_active_contract.TestImportOrder)执行——>【通过】
</pre>
                        
                        
                    </td>
                </tr>
            
                <tr>
                    <td>3</td>
                    <td class="TestImportOrder">TestImportOrder</td>
                    <td>test_active_contract_3</td>
                    <td>激活失败-合同协议已激活再次进行激活</td>
                    <td>2.67s</td>
                    
                        <td class="text-success">成功</td>
                    
                    <td>
                        <button type="button" class="btn btn-success btn_info">查看详情</button>
                    </td>
                </tr>

                <tr class="test_log">

                    <td colspan="7" class="small text-muted" style=" word-wrap:break-word; word-break:break-all">
                        

                            <pre>test_active_contract_3 (test_active_contract.TestImportOrder)执行——>【通过】
</pre>
                        
                        
                    </td>
                </tr>
            
                <tr>
                    <td>4</td>
                    <td class="TestImportOrder">TestImportOrder</td>
                    <td>test_active_contract_1</td>
                    <td>订课成功-预定私教课-无兴趣课程</td>
                    <td>4.0s</td>
                    
                        <td class="text-success">成功</td>
                    
                    <td>
                        <button type="button" class="btn btn-success btn_info">查看详情</button>
                    </td>
                </tr>

                <tr class="test_log">

                    <td colspan="7" class="small text-muted" style=" word-wrap:break-word; word-break:break-all">
                        

                            <pre>{'code': '000000', 'msg': '成功', 'data': True, 'time': '2021-06-28 14:32:15'}
test_active_contract_1 (test_course_private.TestImportOrder)执行——>【通过】
</pre>
                        
                        
                    </td>
                </tr>
            
                <tr>
                    <td>5</td>
                    <td class="TestCreateProduct">TestCreateProduct</td>
                    <td>test_create_product_01</td>
                    <td>创建直播课商品成功-商品特性是否固定教师isTeacher为否</td>
                    <td>0.984s</td>
                    
                        <td class="text-success">成功</td>
                    
                    <td>
                        <button type="button" class="btn btn-success btn_info">查看详情</button>
                    </td>
                </tr>

                <tr class="test_log">

                    <td colspan="7" class="small text-muted" style=" word-wrap:break-word; word-break:break-all">
                        

                            <pre>test_create_product_01 (test_create_product.TestCreateProduct)执行——>【通过】
</pre>
                        
                        
                    </td>
                </tr>
            
                <tr>
                    <td>6</td>
                    <td class="TestCreateProduct">TestCreateProduct</td>
                    <td>test_create_product_02</td>
                    <td>创建商品成功-商品特性是否固定教师为isTeacher是</td>
                    <td>1.01s</td>
                    
                        <td class="text-success">成功</td>
                    
                    <td>
                        <button type="button" class="btn btn-success btn_info">查看详情</button>
                    </td>
                </tr>

                <tr class="test_log">

                    <td colspan="7" class="small text-muted" style=" word-wrap:break-word; word-break:break-all">
                        

                            <pre>test_create_product_02 (test_create_product.TestCreateProduct)执行——>【通过】
</pre>
                        
                        
                    </td>
                </tr>
            
                <tr>
                    <td>7</td>
                    <td class="TestCreateProduct">TestCreateProduct</td>
                    <td>test_create_product_03</td>
                    <td>创建商品失败-商品特性是否固定教师isTeacher为不存在的值</td>
                    <td>0.67s</td>
                    
                        <td class="text-success">成功</td>
                    
                    <td>
                        <button type="button" class="btn btn-success btn_info">查看详情</button>
                    </td>
                </tr>

                <tr class="test_log">

                    <td colspan="7" class="small text-muted" style=" word-wrap:break-word; word-break:break-all">
                        

                            <pre>test_create_product_03 (test_create_product.TestCreateProduct)执行——>【通过】
</pre>
                        
                        
                    </td>
                </tr>
            
                <tr>
                    <td>8</td>
                    <td class="TestCreateProduct">TestCreateProduct</td>
                    <td>test_create_product_04</td>
                    <td>创建商品失败-商品特性是否固定教师isTeacher为空</td>
                    <td>1.04s</td>
                    
                        <td class="text-danger">失败</td>
                    
                    <td>
                        <button type="button" class="btn btn-success btn_info">查看详情</button>
                    </td>
                </tr>

                <tr class="test_log">

                    <td colspan="7" class="small text-muted" style=" word-wrap:break-word; word-break:break-all">
                        

                            <pre>test_create_product_04 (test_create_product.TestCreateProduct)执行——>【失败】
</pre>
                        

                            <pre>Traceback (most recent call last):
</pre>
                        

                            <pre>  File "G:\python3.6.4\lib\unittest\case.py", line 59, in testPartExecutor
    yield
</pre>
                        

                            <pre>  File "G:\python3.6.4\lib\unittest\case.py", line 605, in run
    testMethod()
</pre>
                        

                            <pre>  File "G:\pythonobject\likeClass\library\myddt.py", line 145, in wrapper
    return func(self, *args, **kwargs)
</pre>
                        

                            <pre>  File "G:\pythonobject\likeClass\testcases\test_create_product.py", line 72, in test_create_product
    raise e
</pre>
                        

                            <pre>  File "G:\pythonobject\likeClass\testcases\test_create_product.py", line 65, in test_create_product
    self.assertEqual(expected_results["code"], self.create_product_response["code"])
</pre>
                        

                            <pre>  File "G:\python3.6.4\lib\unittest\case.py", line 829, in assertEqual
    assertion_func(first, second, msg=msg)
</pre>
                        

                            <pre>  File "G:\python3.6.4\lib\unittest\case.py", line 1203, in assertMultiLineEqual
    self.fail(self._formatMessage(msg, standardMsg))
</pre>
                        

                            <pre>  File "G:\python3.6.4\lib\unittest\case.py", line 670, in fail
    raise self.failureException(msg)
</pre>
                        

                            <pre>AssertionError: 'E00002' != '000000'
- E00002
+ 000000

</pre>
                        
                        
                    </td>
                </tr>
            
                <tr>
                    <td>9</td>
                    <td class="TestCreateProduct">TestCreateProduct</td>
                    <td>test_create_product_05</td>
                    <td>创建商品成功-商品特性是否允许选择兴趣课程isInterest为否</td>
                    <td>1.01s</td>
                    
                        <td class="text-success">成功</td>
                    
                    <td>
                        <button type="button" class="btn btn-success btn_info">查看详情</button>
                    </td>
                </tr>

                <tr class="test_log">

                    <td colspan="7" class="small text-muted" style=" word-wrap:break-word; word-break:break-all">
                        

                            <pre>test_create_product_05 (test_create_product.TestCreateProduct)执行——>【通过】
</pre>
                        
                        
                    </td>
                </tr>
            
                <tr>
                    <td>10</td>
                    <td class="TestCreateProduct">TestCreateProduct</td>
                    <td>test_create_product_06</td>
                    <td>创建商品失败-商品特性是否允许选择兴趣课程isInterest为不存在的值</td>
                    <td>0.651s</td>
                    
                        <td class="text-success">成功</td>
                    
                    <td>
                        <button type="button" class="btn btn-success btn_info">查看详情</button>
                    </td>
                </tr>

                <tr class="test_log">

                    <td colspan="7" class="small text-muted" style=" word-wrap:break-word; word-break:break-all">
                        

                            <pre>test_create_product_06 (test_create_product.TestCreateProduct)执行——>【通过】
</pre>
                        
                        
                    </td>
                </tr>
            
                <tr>
                    <td>11</td>
                    <td class="TestCreateProduct">TestCreateProduct</td>
                    <td>test_create_product_07</td>
                    <td>创建商品失败-商品特性是否允许选择兴趣课程isInterest为空</td>
                    <td>1.01s</td>
                    
                        <td class="text-danger">失败</td>
                    
                    <td>
                        <button type="button" class="btn btn-success btn_info">查看详情</button>
                    </td>
                </tr>

                <tr class="test_log">

                    <td colspan="7" class="small text-muted" style=" word-wrap:break-word; word-break:break-all">
                        

                            <pre>test_create_product_07 (test_create_product.TestCreateProduct)执行——>【失败】
</pre>
                        

                            <pre>Traceback (most recent call last):
</pre>
                        

                            <pre>  File "G:\python3.6.4\lib\unittest\case.py", line 59, in testPartExecutor
    yield
</pre>
                        

                            <pre>  File "G:\python3.6.4\lib\unittest\case.py", line 605, in run
    testMethod()
</pre>
                        

                            <pre>  File "G:\pythonobject\likeClass\library\myddt.py", line 145, in wrapper
    return func(self, *args, **kwargs)
</pre>
                        

                            <pre>  File "G:\pythonobject\likeClass\testcases\test_create_product.py", line 72, in test_create_product
    raise e
</pre>
                        

                            <pre>  File "G:\pythonobject\likeClass\testcases\test_create_product.py", line 65, in test_create_product
    self.assertEqual(expected_results["code"], self.create_product_response["code"])
</pre>
                        

                            <pre>  File "G:\python3.6.4\lib\unittest\case.py", line 829, in assertEqual
    assertion_func(first, second, msg=msg)
</pre>
                        

                            <pre>  File "G:\python3.6.4\lib\unittest\case.py", line 1203, in assertMultiLineEqual
    self.fail(self._formatMessage(msg, standardMsg))
</pre>
                        

                            <pre>  File "G:\python3.6.4\lib\unittest\case.py", line 670, in fail
    raise self.failureException(msg)
</pre>
                        

                            <pre>AssertionError: 'E00002' != '000000'
- E00002
+ 000000

</pre>
                        
                        
                    </td>
                </tr>
            
                <tr>
                    <td>12</td>
                    <td class="TestCreateProduct">TestCreateProduct</td>
                    <td>test_create_product_08</td>
                    <td>创建商品成功-商品特性是否学员自主订课isStudentBook为否</td>
                    <td>1.09s</td>
                    
                        <td class="text-success">成功</td>
                    
                    <td>
                        <button type="button" class="btn btn-success btn_info">查看详情</button>
                    </td>
                </tr>

                <tr class="test_log">

                    <td colspan="7" class="small text-muted" style=" word-wrap:break-word; word-break:break-all">
                        

                            <pre>test_create_product_08 (test_create_product.TestCreateProduct)执行——>【通过】
</pre>
                        
                        
                    </td>
                </tr>
            
                <tr>
                    <td>13</td>
                    <td class="TestCreateProduct">TestCreateProduct</td>
                    <td>test_create_product_09</td>
                    <td>创建商品失败-商品特性是否学员自主订课isStudentBook为不存在的值</td>
                    <td>0.631s</td>
                    
                        <td class="text-success">成功</td>
                    
                    <td>
                        <button type="button" class="btn btn-success btn_info">查看详情</button>
                    </td>
                </tr>

                <tr class="test_log">

                    <td colspan="7" class="small text-muted" style=" word-wrap:break-word; word-break:break-all">
                        

                            <pre>test_create_product_09 (test_create_product.TestCreateProduct)执行——>【通过】
</pre>
                        
                        
                    </td>
                </tr>
            
                <tr>
                    <td>14</td>
                    <td class="TestCreateProduct">TestCreateProduct</td>
                    <td>test_create_product_10</td>
                    <td>创建商品失败-商品特性是否学员自主订课isStudentBook为空</td>
                    <td>0.949s</td>
                    
                        <td class="text-danger">失败</td>
                    
                    <td>
                        <button type="button" class="btn btn-success btn_info">查看详情</button>
                    </td>
                </tr>

                <tr class="test_log">

                    <td colspan="7" class="small text-muted" style=" word-wrap:break-word; word-break:break-all">
                        

                            <pre>test_create_product_10 (test_create_product.TestCreateProduct)执行——>【失败】
</pre>
                        

                            <pre>Traceback (most recent call last):
</pre>
                        

                            <pre>  File "G:\python3.6.4\lib\unittest\case.py", line 59, in testPartExecutor
    yield
</pre>
                        

                            <pre>  File "G:\python3.6.4\lib\unittest\case.py", line 605, in run
    testMethod()
</pre>
                        

                            <pre>  File "G:\pythonobject\likeClass\library\myddt.py", line 145, in wrapper
    return func(self, *args, **kwargs)
</pre>
                        

                            <pre>  File "G:\pythonobject\likeClass\testcases\test_create_product.py", line 72, in test_create_product
    raise e
</pre>
                        

                            <pre>  File "G:\pythonobject\likeClass\testcases\test_create_product.py", line 65, in test_create_product
    self.assertEqual(expected_results["code"], self.create_product_response["code"])
</pre>
                        

                            <pre>  File "G:\python3.6.4\lib\unittest\case.py", line 829, in assertEqual
    assertion_func(first, second, msg=msg)
</pre>
                        

                            <pre>  File "G:\python3.6.4\lib\unittest\case.py", line 1203, in assertMultiLineEqual
    self.fail(self._formatMessage(msg, standardMsg))
</pre>
                        

                            <pre>  File "G:\python3.6.4\lib\unittest\case.py", line 670, in fail
    raise self.failureException(msg)
</pre>
                        

                            <pre>AssertionError: 'E00002' != '000000'
- E00002
+ 000000

</pre>
                        
                        
                    </td>
                </tr>
            
                <tr>
                    <td>15</td>
                    <td class="TestCreateProduct">TestCreateProduct</td>
                    <td>test_create_product_11</td>
                    <td>创建商品成功-商品特性是否固定上课班级isClasses为是</td>
                    <td>1.02s</td>
                    
                        <td class="text-success">成功</td>
                    
                    <td>
                        <button type="button" class="btn btn-success btn_info">查看详情</button>
                    </td>
                </tr>

                <tr class="test_log">

                    <td colspan="7" class="small text-muted" style=" word-wrap:break-word; word-break:break-all">
                        

                            <pre>test_create_product_11 (test_create_product.TestCreateProduct)执行——>【通过】
</pre>
                        
                        
                    </td>
                </tr>
            
                <tr>
                    <td>16</td>
                    <td class="TestCreateProduct">TestCreateProduct</td>
                    <td>test_create_product_12</td>
                    <td>创建商品失败-商品特性是否固定上课班级isClasses不为boolean类型</td>
                    <td>0.663s</td>
                    
                        <td class="text-success">成功</td>
                    
                    <td>
                        <button type="button" class="btn btn-success btn_info">查看详情</button>
                    </td>
                </tr>

                <tr class="test_log">

                    <td colspan="7" class="small text-muted" style=" word-wrap:break-word; word-break:break-all">
                        

                            <pre>test_create_product_12 (test_create_product.TestCreateProduct)执行——>【通过】
</pre>
                        
                        
                    </td>
                </tr>
            
                <tr>
                    <td>17</td>
                    <td class="TestCreateProduct">TestCreateProduct</td>
                    <td>test_create_product_13</td>
                    <td>创建商品失败-商品特性是否固定上课班级isClasses为空</td>
                    <td>1.07s</td>
                    
                        <td class="text-danger">失败</td>
                    
                    <td>
                        <button type="button" class="btn btn-success btn_info">查看详情</button>
                    </td>
                </tr>

                <tr class="test_log">

                    <td colspan="7" class="small text-muted" style=" word-wrap:break-word; word-break:break-all">
                        

                            <pre>test_create_product_13 (test_create_product.TestCreateProduct)执行——>【失败】
</pre>
                        

                            <pre>Traceback (most recent call last):
</pre>
                        

                            <pre>  File "G:\python3.6.4\lib\unittest\case.py", line 59, in testPartExecutor
    yield
</pre>
                        

                            <pre>  File "G:\python3.6.4\lib\unittest\case.py", line 605, in run
    testMethod()
</pre>
                        

                            <pre>  File "G:\pythonobject\likeClass\library\myddt.py", line 145, in wrapper
    return func(self, *args, **kwargs)
</pre>
                        

                            <pre>  File "G:\pythonobject\likeClass\testcases\test_create_product.py", line 72, in test_create_product
    raise e
</pre>
                        

                            <pre>  File "G:\pythonobject\likeClass\testcases\test_create_product.py", line 65, in test_create_product
    self.assertEqual(expected_results["code"], self.create_product_response["code"])
</pre>
                        

                            <pre>  File "G:\python3.6.4\lib\unittest\case.py", line 829, in assertEqual
    assertion_func(first, second, msg=msg)
</pre>
                        

                            <pre>  File "G:\python3.6.4\lib\unittest\case.py", line 1203, in assertMultiLineEqual
    self.fail(self._formatMessage(msg, standardMsg))
</pre>
                        

                            <pre>  File "G:\python3.6.4\lib\unittest\case.py", line 670, in fail
    raise self.failureException(msg)
</pre>
                        

                            <pre>AssertionError: 'E00002' != '000000'
- E00002
+ 000000

</pre>
                        
                        
                    </td>
                </tr>
            
                <tr>
                    <td>18</td>
                    <td class="TestCreateProduct">TestCreateProduct</td>
                    <td>test_create_product_14</td>
                    <td>创建商品成功-商品特性是否限制课节取消次数 isLimitCancel为否，可取消课节数cancelNumber为空</td>
                    <td>1.01s</td>
                    
                        <td class="text-success">成功</td>
                    
                    <td>
                        <button type="button" class="btn btn-success btn_info">查看详情</button>
                    </td>
                </tr>

                <tr class="test_log">

                    <td colspan="7" class="small text-muted" style=" word-wrap:break-word; word-break:break-all">
                        

                            <pre>test_create_product_14 (test_create_product.TestCreateProduct)执行——>【通过】
</pre>
                        
                        
                    </td>
                </tr>
            
                <tr>
                    <td>19</td>
                    <td class="TestCreateProduct">TestCreateProduct</td>
                    <td>test_create_product_15</td>
                    <td>创建商品失败-商品特性是否限制课节取消次数 isLimitCancel为是，可取消课节数cancelNumber为空</td>
                    <td>1.02s</td>
                    
                        <td class="text-danger">失败</td>
                    
                    <td>
                        <button type="button" class="btn btn-success btn_info">查看详情</button>
                    </td>
                </tr>

                <tr class="test_log">

                    <td colspan="7" class="small text-muted" style=" word-wrap:break-word; word-break:break-all">
                        

                            <pre>test_create_product_15 (test_create_product.TestCreateProduct)执行——>【失败】
</pre>
                        

                            <pre>Traceback (most recent call last):
</pre>
                        

                            <pre>  File "G:\python3.6.4\lib\unittest\case.py", line 59, in testPartExecutor
    yield
</pre>
                        

                            <pre>  File "G:\python3.6.4\lib\unittest\case.py", line 605, in run
    testMethod()
</pre>
                        

                            <pre>  File "G:\pythonobject\likeClass\library\myddt.py", line 145, in wrapper
    return func(self, *args, **kwargs)
</pre>
                        

                            <pre>  File "G:\pythonobject\likeClass\testcases\test_create_product.py", line 72, in test_create_product
    raise e
</pre>
                        

                            <pre>  File "G:\pythonobject\likeClass\testcases\test_create_product.py", line 65, in test_create_product
    self.assertEqual(expected_results["code"], self.create_product_response["code"])
</pre>
                        

                            <pre>  File "G:\python3.6.4\lib\unittest\case.py", line 829, in assertEqual
    assertion_func(first, second, msg=msg)
</pre>
                        

                            <pre>  File "G:\python3.6.4\lib\unittest\case.py", line 1203, in assertMultiLineEqual
    self.fail(self._formatMessage(msg, standardMsg))
</pre>
                        

                            <pre>  File "G:\python3.6.4\lib\unittest\case.py", line 670, in fail
    raise self.failureException(msg)
</pre>
                        

                            <pre>AssertionError: 'E00002' != '000000'
- E00002
+ 000000

</pre>
                        
                        
                    </td>
                </tr>
            
                <tr>
                    <td>20</td>
                    <td class="TestCreateProduct">TestCreateProduct</td>
                    <td>test_create_product_16</td>
                    <td>创建商品成功-商品服务期是否延长服务期isDelayPeriod为空</td>
                    <td>1.0s</td>
                    
                        <td class="text-danger">失败</td>
                    
                    <td>
                        <button type="button" class="btn btn-success btn_info">查看详情</button>
                    </td>
                </tr>

                <tr class="test_log">

                    <td colspan="7" class="small text-muted" style=" word-wrap:break-word; word-break:break-all">
                        

                            <pre>test_create_product_16 (test_create_product.TestCreateProduct)执行——>【失败】
</pre>
                        

                            <pre>Traceback (most recent call last):
</pre>
                        

                            <pre>  File "G:\python3.6.4\lib\unittest\case.py", line 59, in testPartExecutor
    yield
</pre>
                        

                            <pre>  File "G:\python3.6.4\lib\unittest\case.py", line 605, in run
    testMethod()
</pre>
                        

                            <pre>  File "G:\pythonobject\likeClass\library\myddt.py", line 145, in wrapper
    return func(self, *args, **kwargs)
</pre>
                        

                            <pre>  File "G:\pythonobject\likeClass\testcases\test_create_product.py", line 72, in test_create_product
    raise e
</pre>
                        

                            <pre>  File "G:\pythonobject\likeClass\testcases\test_create_product.py", line 66, in test_create_product
    self.assertEqual(expected_results["msg"], self.create_product_response["msg"])
</pre>
                        

                            <pre>  File "G:\python3.6.4\lib\unittest\case.py", line 829, in assertEqual
    assertion_func(first, second, msg=msg)
</pre>
                        

                            <pre>  File "G:\python3.6.4\lib\unittest\case.py", line 1203, in assertMultiLineEqual
    self.fail(self._formatMessage(msg, standardMsg))
</pre>
                        

                            <pre>  File "G:\python3.6.4\lib\unittest\case.py", line 670, in fail
    raise self.failureException(msg)
</pre>
                        

                            <pre>AssertionError: '是否延长服务期不能为空' != '成功'
- 是否延长服务期不能为空
+ 成功

</pre>
                        
                        
                    </td>
                </tr>
            
                <tr>
                    <td>21</td>
                    <td class="TestCreateProduct">TestCreateProduct</td>
                    <td>test_create_product_17</td>
                    <td>创建商品成功-商品服务期是否延长服务isDelayPeriod为否False</td>
                    <td>1.03s</td>
                    
                        <td class="text-success">成功</td>
                    
                    <td>
                        <button type="button" class="btn btn-success btn_info">查看详情</button>
                    </td>
                </tr>

                <tr class="test_log">

                    <td colspan="7" class="small text-muted" style=" word-wrap:break-word; word-break:break-all">
                        

                            <pre>test_create_product_17 (test_create_product.TestCreateProduct)执行——>【通过】
</pre>
                        
                        
                    </td>
                </tr>
            
                <tr>
                    <td>22</td>
                    <td class="TestCreateProduct">TestCreateProduct</td>
                    <td>test_create_product_18</td>
                    <td>创建商品失败-商品服务期是否延长服务isDelayPeriod不为boolean类型</td>
                    <td>0.683s</td>
                    
                        <td class="text-success">成功</td>
                    
                    <td>
                        <button type="button" class="btn btn-success btn_info">查看详情</button>
                    </td>
                </tr>

                <tr class="test_log">

                    <td colspan="7" class="small text-muted" style=" word-wrap:break-word; word-break:break-all">
                        

                            <pre>test_create_product_18 (test_create_product.TestCreateProduct)执行——>【通过】
</pre>
                        
                        
                    </td>
                </tr>
            
                <tr>
                    <td>23</td>
                    <td class="TestCreateProduct">TestCreateProduct</td>
                    <td>test_create_product_19</td>
                    <td>创建商品失败-商品服务期执行过程中是否可操作冻结isFrozenPeriod为空</td>
                    <td>0.976s</td>
                    
                        <td class="text-danger">失败</td>
                    
                    <td>
                        <button type="button" class="btn btn-success btn_info">查看详情</button>
                    </td>
                </tr>

                <tr class="test_log">

                    <td colspan="7" class="small text-muted" style=" word-wrap:break-word; word-break:break-all">
                        

                            <pre>test_create_product_19 (test_create_product.TestCreateProduct)执行——>【失败】
</pre>
                        

                            <pre>Traceback (most recent call last):
</pre>
                        

                            <pre>  File "G:\python3.6.4\lib\unittest\case.py", line 59, in testPartExecutor
    yield
</pre>
                        

                            <pre>  File "G:\python3.6.4\lib\unittest\case.py", line 605, in run
    testMethod()
</pre>
                        

                            <pre>  File "G:\pythonobject\likeClass\library\myddt.py", line 145, in wrapper
    return func(self, *args, **kwargs)
</pre>
                        

                            <pre>  File "G:\pythonobject\likeClass\testcases\test_create_product.py", line 72, in test_create_product
    raise e
</pre>
                        

                            <pre>  File "G:\pythonobject\likeClass\testcases\test_create_product.py", line 66, in test_create_product
    self.assertEqual(expected_results["msg"], self.create_product_response["msg"])
</pre>
                        

                            <pre>  File "G:\python3.6.4\lib\unittest\case.py", line 829, in assertEqual
    assertion_func(first, second, msg=msg)
</pre>
                        

                            <pre>  File "G:\python3.6.4\lib\unittest\case.py", line 1203, in assertMultiLineEqual
    self.fail(self._formatMessage(msg, standardMsg))
</pre>
                        

                            <pre>  File "G:\python3.6.4\lib\unittest\case.py", line 670, in fail
    raise self.failureException(msg)
</pre>
                        

                            <pre>AssertionError: '商品服务期执行过程中是否可操作冻结不能为空' != '成功'
- 商品服务期执行过程中是否可操作冻结不能为空
+ 成功

</pre>
                        
                        
                    </td>
                </tr>
            
                <tr>
                    <td>24</td>
                    <td class="TestCreateProduct">TestCreateProduct</td>
                    <td>test_create_product_20</td>
                    <td>创建商品成功-商品服务期执行过程中是否可操作冻结isFrozenPeriod为否False</td>
                    <td>1.06s</td>
                    
                        <td class="text-success">成功</td>
                    
                    <td>
                        <button type="button" class="btn btn-success btn_info">查看详情</button>
                    </td>
                </tr>

                <tr class="test_log">

                    <td colspan="7" class="small text-muted" style=" word-wrap:break-word; word-break:break-all">
                        

                            <pre>test_create_product_20 (test_create_product.TestCreateProduct)执行——>【通过】
</pre>
                        
                        
                    </td>
                </tr>
            
                <tr>
                    <td>25</td>
                    <td class="TestCreateProduct">TestCreateProduct</td>
                    <td>test_create_product_21</td>
                    <td>创建商品失败-商品服务期执行过程中是否可操作冻结isFrozenPeriod不为boolean类型</td>
                    <td>0.76s</td>
                    
                        <td class="text-success">成功</td>
                    
                    <td>
                        <button type="button" class="btn btn-success btn_info">查看详情</button>
                    </td>
                </tr>

                <tr class="test_log">

                    <td colspan="7" class="small text-muted" style=" word-wrap:break-word; word-break:break-all">
                        

                            <pre>test_create_product_21 (test_create_product.TestCreateProduct)执行——>【通过】
</pre>
                        
                        
                    </td>
                </tr>
            
                <tr>
                    <td>26</td>
                    <td class="TestCreateProduct">TestCreateProduct</td>
                    <td>test_create_product_22</td>
                    <td>创建商品失败-商品服务期延长服务期开始天数delayPeriodBefore为空</td>
                    <td>0.947s</td>
                    
                        <td class="text-danger">失败</td>
                    
                    <td>
                        <button type="button" class="btn btn-success btn_info">查看详情</button>
                    </td>
                </tr>

                <tr class="test_log">

                    <td colspan="7" class="small text-muted" style=" word-wrap:break-word; word-break:break-all">
                        

                            <pre>test_create_product_22 (test_create_product.TestCreateProduct)执行——>【失败】
</pre>
                        

                            <pre>Traceback (most recent call last):
</pre>
                        

                            <pre>  File "G:\python3.6.4\lib\unittest\case.py", line 59, in testPartExecutor
    yield
</pre>
                        

                            <pre>  File "G:\python3.6.4\lib\unittest\case.py", line 605, in run
    testMethod()
</pre>
                        

                            <pre>  File "G:\pythonobject\likeClass\library\myddt.py", line 145, in wrapper
    return func(self, *args, **kwargs)
</pre>
                        

                            <pre>  File "G:\pythonobject\likeClass\testcases\test_create_product.py", line 72, in test_create_product
    raise e
</pre>
                        

                            <pre>  File "G:\pythonobject\likeClass\testcases\test_create_product.py", line 66, in test_create_product
    self.assertEqual(expected_results["msg"], self.create_product_response["msg"])
</pre>
                        

                            <pre>  File "G:\python3.6.4\lib\unittest\case.py", line 829, in assertEqual
    assertion_func(first, second, msg=msg)
</pre>
                        

                            <pre>  File "G:\python3.6.4\lib\unittest\case.py", line 1203, in assertMultiLineEqual
    self.fail(self._formatMessage(msg, standardMsg))
</pre>
                        

                            <pre>  File "G:\python3.6.4\lib\unittest\case.py", line 670, in fail
    raise self.failureException(msg)
</pre>
                        

                            <pre>AssertionError: '延长服务期开始天数不能为空' != '成功'
- 延长服务期开始天数不能为空
+ 成功

</pre>
                        
                        
                    </td>
                </tr>
            
                <tr>
                    <td>27</td>
                    <td class="TestCreateProduct">TestCreateProduct</td>
                    <td>test_create_product_23</td>
                    <td>创建商品失败-商品服务期延长服务期开始天数delayPeriodBefore不为number类型</td>
                    <td>0.563s</td>
                    
                        <td class="text-success">成功</td>
                    
                    <td>
                        <button type="button" class="btn btn-success btn_info">查看详情</button>
                    </td>
                </tr>

                <tr class="test_log">

                    <td colspan="7" class="small text-muted" style=" word-wrap:break-word; word-break:break-all">
                        

                            <pre>test_create_product_23 (test_create_product.TestCreateProduct)执行——>【通过】
</pre>
                        
                        
                    </td>
                </tr>
            
                <tr>
                    <td>28</td>
                    <td class="TestCreateProduct">TestCreateProduct</td>
                    <td>test_create_product_24</td>
                    <td>创建商品失败-商品服务期延长服务期结束天数delayPeriodAfter为空</td>
                    <td>1.02s</td>
                    
                        <td class="text-danger">失败</td>
                    
                    <td>
                        <button type="button" class="btn btn-success btn_info">查看详情</button>
                    </td>
                </tr>

                <tr class="test_log">

                    <td colspan="7" class="small text-muted" style=" word-wrap:break-word; word-break:break-all">
                        

                            <pre>test_create_product_24 (test_create_product.TestCreateProduct)执行——>【失败】
</pre>
                        

                            <pre>Traceback (most recent call last):
</pre>
                        

                            <pre>  File "G:\python3.6.4\lib\unittest\case.py", line 59, in testPartExecutor
    yield
</pre>
                        

                            <pre>  File "G:\python3.6.4\lib\unittest\case.py", line 605, in run
    testMethod()
</pre>
                        

                            <pre>  File "G:\pythonobject\likeClass\library\myddt.py", line 145, in wrapper
    return func(self, *args, **kwargs)
</pre>
                        

                            <pre>  File "G:\pythonobject\likeClass\testcases\test_create_product.py", line 72, in test_create_product
    raise e
</pre>
                        

                            <pre>  File "G:\pythonobject\likeClass\testcases\test_create_product.py", line 66, in test_create_product
    self.assertEqual(expected_results["msg"], self.create_product_response["msg"])
</pre>
                        

                            <pre>  File "G:\python3.6.4\lib\unittest\case.py", line 829, in assertEqual
    assertion_func(first, second, msg=msg)
</pre>
                        

                            <pre>  File "G:\python3.6.4\lib\unittest\case.py", line 1203, in assertMultiLineEqual
    self.fail(self._formatMessage(msg, standardMsg))
</pre>
                        

                            <pre>  File "G:\python3.6.4\lib\unittest\case.py", line 670, in fail
    raise self.failureException(msg)
</pre>
                        

                            <pre>AssertionError: '延长服务期结束天数不能为空' != '成功'
- 延长服务期结束天数不能为空
+ 成功

</pre>
                        
                        
                    </td>
                </tr>
            
                <tr>
                    <td>29</td>
                    <td class="TestCreateProduct">TestCreateProduct</td>
                    <td>test_create_product_25</td>
                    <td>创建商品失败-商品服务期延长服务期结束天数delayPeriodAfter不为number类型</td>
                    <td>0.645s</td>
                    
                        <td class="text-success">成功</td>
                    
                    <td>
                        <button type="button" class="btn btn-success btn_info">查看详情</button>
                    </td>
                </tr>

                <tr class="test_log">

                    <td colspan="7" class="small text-muted" style=" word-wrap:break-word; word-break:break-all">
                        

                            <pre>test_create_product_25 (test_create_product.TestCreateProduct)执行——>【通过】
</pre>
                        
                        
                    </td>
                </tr>
            
                <tr>
                    <td>30</td>
                    <td class="TestCreateProduct">TestCreateProduct</td>
                    <td>test_create_product_26</td>
                    <td>创建商品失败-商品服务期延时卡可用时间阶段类型delayStageType为空</td>
                    <td>0.991s</td>
                    
                        <td class="text-danger">失败</td>
                    
                    <td>
                        <button type="button" class="btn btn-success btn_info">查看详情</button>
                    </td>
                </tr>

                <tr class="test_log">

                    <td colspan="7" class="small text-muted" style=" word-wrap:break-word; word-break:break-all">
                        

                            <pre>test_create_product_26 (test_create_product.TestCreateProduct)执行——>【失败】
</pre>
                        

                            <pre>Traceback (most recent call last):
</pre>
                        

                            <pre>  File "G:\python3.6.4\lib\unittest\case.py", line 59, in testPartExecutor
    yield
</pre>
                        

                            <pre>  File "G:\python3.6.4\lib\unittest\case.py", line 605, in run
    testMethod()
</pre>
                        

                            <pre>  File "G:\pythonobject\likeClass\library\myddt.py", line 145, in wrapper
    return func(self, *args, **kwargs)
</pre>
                        

                            <pre>  File "G:\pythonobject\likeClass\testcases\test_create_product.py", line 72, in test_create_product
    raise e
</pre>
                        

                            <pre>  File "G:\pythonobject\likeClass\testcases\test_create_product.py", line 66, in test_create_product
    self.assertEqual(expected_results["msg"], self.create_product_response["msg"])
</pre>
                        

                            <pre>  File "G:\python3.6.4\lib\unittest\case.py", line 829, in assertEqual
    assertion_func(first, second, msg=msg)
</pre>
                        

                            <pre>  File "G:\python3.6.4\lib\unittest\case.py", line 1203, in assertMultiLineEqual
    self.fail(self._formatMessage(msg, standardMsg))
</pre>
                        

                            <pre>  File "G:\python3.6.4\lib\unittest\case.py", line 670, in fail
    raise self.failureException(msg)
</pre>
                        

                            <pre>AssertionError: '延时卡可用时间段类型不能为空' != '成功'
- 延时卡可用时间段类型不能为空
+ 成功

</pre>
                        
                        
                    </td>
                </tr>
            
                <tr>
                    <td>31</td>
                    <td class="TestCreateProduct">TestCreateProduct</td>
                    <td>test_create_product_27</td>
                    <td>创建商品失败-商品服务期延时卡可用时间阶段类型delayStageType不为number类型</td>
                    <td>0.539s</td>
                    
                        <td class="text-success">成功</td>
                    
                    <td>
                        <button type="button" class="btn btn-success btn_info">查看详情</button>
                    </td>
                </tr>

                <tr class="test_log">

                    <td colspan="7" class="small text-muted" style=" word-wrap:break-word; word-break:break-all">
                        

                            <pre>test_create_product_27 (test_create_product.TestCreateProduct)执行——>【通过】
</pre>
                        
                        
                    </td>
                </tr>
            
                <tr>
                    <td>32</td>
                    <td class="TestCreateProduct">TestCreateProduct</td>
                    <td>test_create_product_28</td>
                    <td>创建商品失败-商品服务期单次操作最大可冻结服务期的天数frozenPeriod为空</td>
                    <td>1.1s</td>
                    
                        <td class="text-danger">失败</td>
                    
                    <td>
                        <button type="button" class="btn btn-success btn_info">查看详情</button>
                    </td>
                </tr>

                <tr class="test_log">

                    <td colspan="7" class="small text-muted" style=" word-wrap:break-word; word-break:break-all">
                        

                            <pre>test_create_product_28 (test_create_product.TestCreateProduct)执行——>【失败】
</pre>
                        

                            <pre>Traceback (most recent call last):
</pre>
                        

                            <pre>  File "G:\python3.6.4\lib\unittest\case.py", line 59, in testPartExecutor
    yield
</pre>
                        

                            <pre>  File "G:\python3.6.4\lib\unittest\case.py", line 605, in run
    testMethod()
</pre>
                        

                            <pre>  File "G:\pythonobject\likeClass\library\myddt.py", line 145, in wrapper
    return func(self, *args, **kwargs)
</pre>
                        

                            <pre>  File "G:\pythonobject\likeClass\testcases\test_create_product.py", line 72, in test_create_product
    raise e
</pre>
                        

                            <pre>  File "G:\pythonobject\likeClass\testcases\test_create_product.py", line 66, in test_create_product
    self.assertEqual(expected_results["msg"], self.create_product_response["msg"])
</pre>
                        

                            <pre>  File "G:\python3.6.4\lib\unittest\case.py", line 829, in assertEqual
    assertion_func(first, second, msg=msg)
</pre>
                        

                            <pre>  File "G:\python3.6.4\lib\unittest\case.py", line 1203, in assertMultiLineEqual
    self.fail(self._formatMessage(msg, standardMsg))
</pre>
                        

                            <pre>  File "G:\python3.6.4\lib\unittest\case.py", line 670, in fail
    raise self.failureException(msg)
</pre>
                        

                            <pre>AssertionError: '单次操作最大可冻结服务期的天数不能为空' != '成功'
- 单次操作最大可冻结服务期的天数不能为空
+ 成功

</pre>
                        
                        
                    </td>
                </tr>
            
                <tr>
                    <td>33</td>
                    <td class="TestCreateProduct">TestCreateProduct</td>
                    <td>test_create_product_29</td>
                    <td>创建商品失败-商品服务期单次操作最大可冻结服务期的天数frozenPeriod不为integer类型</td>
                    <td>0.674s</td>
                    
                        <td class="text-success">成功</td>
                    
                    <td>
                        <button type="button" class="btn btn-success btn_info">查看详情</button>
                    </td>
                </tr>

                <tr class="test_log">

                    <td colspan="7" class="small text-muted" style=" word-wrap:break-word; word-break:break-all">
                        

                            <pre>test_create_product_29 (test_create_product.TestCreateProduct)执行——>【通过】
</pre>
                        
                        
                    </td>
                </tr>
            
                <tr>
                    <td>34</td>
                    <td class="TestCreateProduct">TestCreateProduct</td>
                    <td>test_create_product_30</td>
                    <td>创建商品失败-商品服务期可冻结服务期的次数frozenCount为空</td>
                    <td>0.977s</td>
                    
                        <td class="text-danger">失败</td>
                    
                    <td>
                        <button type="button" class="btn btn-success btn_info">查看详情</button>
                    </td>
                </tr>

                <tr class="test_log">

                    <td colspan="7" class="small text-muted" style=" word-wrap:break-word; word-break:break-all">
                        

                            <pre>test_create_product_30 (test_create_product.TestCreateProduct)执行——>【失败】
</pre>
                        

                            <pre>Traceback (most recent call last):
</pre>
                        

                            <pre>  File "G:\python3.6.4\lib\unittest\case.py", line 59, in testPartExecutor
    yield
</pre>
                        

                            <pre>  File "G:\python3.6.4\lib\unittest\case.py", line 605, in run
    testMethod()
</pre>
                        

                            <pre>  File "G:\pythonobject\likeClass\library\myddt.py", line 145, in wrapper
    return func(self, *args, **kwargs)
</pre>
                        

                            <pre>  File "G:\pythonobject\likeClass\testcases\test_create_product.py", line 72, in test_create_product
    raise e
</pre>
                        

                            <pre>  File "G:\pythonobject\likeClass\testcases\test_create_product.py", line 66, in test_create_product
    self.assertEqual(expected_results["msg"], self.create_product_response["msg"])
</pre>
                        

                            <pre>  File "G:\python3.6.4\lib\unittest\case.py", line 829, in assertEqual
    assertion_func(first, second, msg=msg)
</pre>
                        

                            <pre>  File "G:\python3.6.4\lib\unittest\case.py", line 1203, in assertMultiLineEqual
    self.fail(self._formatMessage(msg, standardMsg))
</pre>
                        

                            <pre>  File "G:\python3.6.4\lib\unittest\case.py", line 670, in fail
    raise self.failureException(msg)
</pre>
                        

                            <pre>AssertionError: '可冻结服务期的次数不能为空' != '成功'
- 可冻结服务期的次数不能为空
+ 成功

</pre>
                        
                        
                    </td>
                </tr>
            
                <tr>
                    <td>35</td>
                    <td class="TestCreateProduct">TestCreateProduct</td>
                    <td>test_create_product_31</td>
                    <td>创建商品失败-商品服务期可冻结服务期的次数frozenCount不为integer类型</td>
                    <td>0.687s</td>
                    
                        <td class="text-success">成功</td>
                    
                    <td>
                        <button type="button" class="btn btn-success btn_info">查看详情</button>
                    </td>
                </tr>

                <tr class="test_log">

                    <td colspan="7" class="small text-muted" style=" word-wrap:break-word; word-break:break-all">
                        

                            <pre>test_create_product_31 (test_create_product.TestCreateProduct)执行——>【通过】
</pre>
                        
                        
                    </td>
                </tr>
            
                <tr>
                    <td>36</td>
                    <td class="TestCreateProduct">TestCreateProduct</td>
                    <td>test_create_product_32</td>
                    <td>创建商品失败-签约是否允许学员签约时自选上课时间isSignChange为空</td>
                    <td>1.0s</td>
                    
                        <td class="text-danger">失败</td>
                    
                    <td>
                        <button type="button" class="btn btn-success btn_info">查看详情</button>
                    </td>
                </tr>

                <tr class="test_log">

                    <td colspan="7" class="small text-muted" style=" word-wrap:break-word; word-break:break-all">
                        

                            <pre>test_create_product_32 (test_create_product.TestCreateProduct)执行——>【失败】
</pre>
                        

                            <pre>Traceback (most recent call last):
</pre>
                        

                            <pre>  File "G:\python3.6.4\lib\unittest\case.py", line 59, in testPartExecutor
    yield
</pre>
                        

                            <pre>  File "G:\python3.6.4\lib\unittest\case.py", line 605, in run
    testMethod()
</pre>
                        

                            <pre>  File "G:\pythonobject\likeClass\library\myddt.py", line 145, in wrapper
    return func(self, *args, **kwargs)
</pre>
                        

                            <pre>  File "G:\pythonobject\likeClass\testcases\test_create_product.py", line 72, in test_create_product
    raise e
</pre>
                        

                            <pre>  File "G:\pythonobject\likeClass\testcases\test_create_product.py", line 66, in test_create_product
    self.assertEqual(expected_results["msg"], self.create_product_response["msg"])
</pre>
                        

                            <pre>  File "G:\python3.6.4\lib\unittest\case.py", line 829, in assertEqual
    assertion_func(first, second, msg=msg)
</pre>
                        

                            <pre>  File "G:\python3.6.4\lib\unittest\case.py", line 1203, in assertMultiLineEqual
    self.fail(self._formatMessage(msg, standardMsg))
</pre>
                        

                            <pre>  File "G:\python3.6.4\lib\unittest\case.py", line 670, in fail
    raise self.failureException(msg)
</pre>
                        

                            <pre>AssertionError: '是否允许学员签约时自选上课时间不能为空' != '成功'
- 是否允许学员签约时自选上课时间不能为空
+ 成功

</pre>
                        
                        
                    </td>
                </tr>
            
                <tr>
                    <td>37</td>
                    <td class="TestCreateProduct">TestCreateProduct</td>
                    <td>test_create_product_33</td>
                    <td>创建商品成功-签约是否允许学员签约时自选上课时间isSignChange为否False</td>
                    <td>1.08s</td>
                    
                        <td class="text-success">成功</td>
                    
                    <td>
                        <button type="button" class="btn btn-success btn_info">查看详情</button>
                    </td>
                </tr>

                <tr class="test_log">

                    <td colspan="7" class="small text-muted" style=" word-wrap:break-word; word-break:break-all">
                        

                            <pre>test_create_product_33 (test_create_product.TestCreateProduct)执行——>【通过】
</pre>
                        
                        
                    </td>
                </tr>
            
                <tr>
                    <td>38</td>
                    <td class="TestCreateProduct">TestCreateProduct</td>
                    <td>test_create_product_34</td>
                    <td>创建商品失败-签约是否允许学员签约时自选上课时间isSignChange不为boolean类型</td>
                    <td>0.642s</td>
                    
                        <td class="text-success">成功</td>
                    
                    <td>
                        <button type="button" class="btn btn-success btn_info">查看详情</button>
                    </td>
                </tr>

                <tr class="test_log">

                    <td colspan="7" class="small text-muted" style=" word-wrap:break-word; word-break:break-all">
                        

                            <pre>test_create_product_34 (test_create_product.TestCreateProduct)执行——>【通过】
</pre>
                        
                        
                    </td>
                </tr>
            
                <tr>
                    <td>39</td>
                    <td class="TestCreateProduct">TestCreateProduct</td>
                    <td>test_create_product_35</td>
                    <td>创建商品失败-签约时最多可选择延迟多少天上课signChangeDay为空</td>
                    <td>0.928s</td>
                    
                        <td class="text-danger">失败</td>
                    
                    <td>
                        <button type="button" class="btn btn-success btn_info">查看详情</button>
                    </td>
                </tr>

                <tr class="test_log">

                    <td colspan="7" class="small text-muted" style=" word-wrap:break-word; word-break:break-all">
                        

                            <pre>test_create_product_35 (test_create_product.TestCreateProduct)执行——>【失败】
</pre>
                        

                            <pre>Traceback (most recent call last):
</pre>
                        

                            <pre>  File "G:\python3.6.4\lib\unittest\case.py", line 59, in testPartExecutor
    yield
</pre>
                        

                            <pre>  File "G:\python3.6.4\lib\unittest\case.py", line 605, in run
    testMethod()
</pre>
                        

                            <pre>  File "G:\pythonobject\likeClass\library\myddt.py", line 145, in wrapper
    return func(self, *args, **kwargs)
</pre>
                        

                            <pre>  File "G:\pythonobject\likeClass\testcases\test_create_product.py", line 72, in test_create_product
    raise e
</pre>
                        

                            <pre>  File "G:\pythonobject\likeClass\testcases\test_create_product.py", line 66, in test_create_product
    self.assertEqual(expected_results["msg"], self.create_product_response["msg"])
</pre>
                        

                            <pre>  File "G:\python3.6.4\lib\unittest\case.py", line 829, in assertEqual
    assertion_func(first, second, msg=msg)
</pre>
                        

                            <pre>  File "G:\python3.6.4\lib\unittest\case.py", line 1203, in assertMultiLineEqual
    self.fail(self._formatMessage(msg, standardMsg))
</pre>
                        

                            <pre>  File "G:\python3.6.4\lib\unittest\case.py", line 670, in fail
    raise self.failureException(msg)
</pre>
                        

                            <pre>AssertionError: '签约时最多可选择延迟多少天上课不能为空' != '成功'
- 签约时最多可选择延迟多少天上课不能为空
+ 成功

</pre>
                        
                        
                    </td>
                </tr>
            
                <tr>
                    <td>40</td>
                    <td class="TestCreateProduct">TestCreateProduct</td>
                    <td>test_create_product_36</td>
                    <td>创建商品失败-签约时最多可选择延迟多少天上课signChangeDay不为integer类型</td>
                    <td>0.737s</td>
                    
                        <td class="text-success">成功</td>
                    
                    <td>
                        <button type="button" class="btn btn-success btn_info">查看详情</button>
                    </td>
                </tr>

                <tr class="test_log">

                    <td colspan="7" class="small text-muted" style=" word-wrap:break-word; word-break:break-all">
                        

                            <pre>test_create_product_36 (test_create_product.TestCreateProduct)执行——>【通过】
</pre>
                        
                        
                    </td>
                </tr>
            
                <tr>
                    <td>41</td>
                    <td class="TestCreateProduct">TestCreateProduct</td>
                    <td>test_create_product_37</td>
                    <td>创建商品失败-赠送是否允许注册免费赠送isRegisterGift为空</td>
                    <td>0.912s</td>
                    
                        <td class="text-danger">失败</td>
                    
                    <td>
                        <button type="button" class="btn btn-success btn_info">查看详情</button>
                    </td>
                </tr>

                <tr class="test_log">

                    <td colspan="7" class="small text-muted" style=" word-wrap:break-word; word-break:break-all">
                        

                            <pre>test_create_product_37 (test_create_product.TestCreateProduct)执行——>【失败】
</pre>
                        

                            <pre>Traceback (most recent call last):
</pre>
                        

                            <pre>  File "G:\python3.6.4\lib\unittest\case.py", line 59, in testPartExecutor
    yield
</pre>
                        

                            <pre>  File "G:\python3.6.4\lib\unittest\case.py", line 605, in run
    testMethod()
</pre>
                        

                            <pre>  File "G:\pythonobject\likeClass\library\myddt.py", line 145, in wrapper
    return func(self, *args, **kwargs)
</pre>
                        

                            <pre>  File "G:\pythonobject\likeClass\testcases\test_create_product.py", line 72, in test_create_product
    raise e
</pre>
                        

                            <pre>  File "G:\pythonobject\likeClass\testcases\test_create_product.py", line 66, in test_create_product
    self.assertEqual(expected_results["msg"], self.create_product_response["msg"])
</pre>
                        

                            <pre>  File "G:\python3.6.4\lib\unittest\case.py", line 829, in assertEqual
    assertion_func(first, second, msg=msg)
</pre>
                        

                            <pre>  File "G:\python3.6.4\lib\unittest\case.py", line 1203, in assertMultiLineEqual
    self.fail(self._formatMessage(msg, standardMsg))
</pre>
                        

                            <pre>  File "G:\python3.6.4\lib\unittest\case.py", line 670, in fail
    raise self.failureException(msg)
</pre>
                        

                            <pre>AssertionError: '否允许注册免费赠送不能为空' != '成功'
- 否允许注册免费赠送不能为空
+ 成功

</pre>
                        
                        
                    </td>
                </tr>
            
                <tr>
                    <td>42</td>
                    <td class="TestCreateProduct">TestCreateProduct</td>
                    <td>test_create_product_38</td>
                    <td>创建商品成功-赠送是否允许注册免费赠送isRegisterGift为否False</td>
                    <td>0.922s</td>
                    
                        <td class="text-success">成功</td>
                    
                    <td>
                        <button type="button" class="btn btn-success btn_info">查看详情</button>
                    </td>
                </tr>

                <tr class="test_log">

                    <td colspan="7" class="small text-muted" style=" word-wrap:break-word; word-break:break-all">
                        

                            <pre>test_create_product_38 (test_create_product.TestCreateProduct)执行——>【通过】
</pre>
                        
                        
                    </td>
                </tr>
            
                <tr>
                    <td>43</td>
                    <td class="TestCreateProduct">TestCreateProduct</td>
                    <td>test_create_product_39</td>
                    <td>创建商品失败-赠送是否允许注册免费赠送isRegisterGift不为boolean类型</td>
                    <td>0.677s</td>
                    
                        <td class="text-success">成功</td>
                    
                    <td>
                        <button type="button" class="btn btn-success btn_info">查看详情</button>
                    </td>
                </tr>

                <tr class="test_log">

                    <td colspan="7" class="small text-muted" style=" word-wrap:break-word; word-break:break-all">
                        

                            <pre>test_create_product_39 (test_create_product.TestCreateProduct)执行——>【通过】
</pre>
                        
                        
                    </td>
                </tr>
            
                <tr>
                    <td>44</td>
                    <td class="TestCreateProduct">TestCreateProduct</td>
                    <td>test_create_product_40</td>
                    <td>创建商品失败-赠送是否允许赠送给内部员工体验isStaffGift为空</td>
                    <td>1.05s</td>
                    
                        <td class="text-danger">失败</td>
                    
                    <td>
                        <button type="button" class="btn btn-success btn_info">查看详情</button>
                    </td>
                </tr>

                <tr class="test_log">

                    <td colspan="7" class="small text-muted" style=" word-wrap:break-word; word-break:break-all">
                        

                            <pre>test_create_product_40 (test_create_product.TestCreateProduct)执行——>【失败】
</pre>
                        

                            <pre>Traceback (most recent call last):
</pre>
                        

                            <pre>  File "G:\python3.6.4\lib\unittest\case.py", line 59, in testPartExecutor
    yield
</pre>
                        

                            <pre>  File "G:\python3.6.4\lib\unittest\case.py", line 605, in run
    testMethod()
</pre>
                        

                            <pre>  File "G:\pythonobject\likeClass\library\myddt.py", line 145, in wrapper
    return func(self, *args, **kwargs)
</pre>
                        

                            <pre>  File "G:\pythonobject\likeClass\testcases\test_create_product.py", line 72, in test_create_product
    raise e
</pre>
                        

                            <pre>  File "G:\pythonobject\likeClass\testcases\test_create_product.py", line 65, in test_create_product
    self.assertEqual(expected_results["code"], self.create_product_response["code"])
</pre>
                        

                            <pre>  File "G:\python3.6.4\lib\unittest\case.py", line 829, in assertEqual
    assertion_func(first, second, msg=msg)
</pre>
                        

                            <pre>  File "G:\python3.6.4\lib\unittest\case.py", line 1203, in assertMultiLineEqual
    self.fail(self._formatMessage(msg, standardMsg))
</pre>
                        

                            <pre>  File "G:\python3.6.4\lib\unittest\case.py", line 670, in fail
    raise self.failureException(msg)
</pre>
                        

                            <pre>AssertionError: 'E00002' != '000000'
- E00002
+ 000000

</pre>
                        
                        
                    </td>
                </tr>
            
                <tr>
                    <td>45</td>
                    <td class="TestCreateProduct">TestCreateProduct</td>
                    <td>test_create_product_41</td>
                    <td>创建商品成功-赠送是否允许赠送给内部员工体验isStaffGift为否False</td>
                    <td>0.992s</td>
                    
                        <td class="text-success">成功</td>
                    
                    <td>
                        <button type="button" class="btn btn-success btn_info">查看详情</button>
                    </td>
                </tr>

                <tr class="test_log">

                    <td colspan="7" class="small text-muted" style=" word-wrap:break-word; word-break:break-all">
                        

                            <pre>test_create_product_41 (test_create_product.TestCreateProduct)执行——>【通过】
</pre>
                        
                        
                    </td>
                </tr>
            
                <tr>
                    <td>46</td>
                    <td class="TestCreateProduct">TestCreateProduct</td>
                    <td>test_create_product_42</td>
                    <td>创建商品失败-赠送是否允许赠送给内部员工体验isStaffGift不为boolean类型</td>
                    <td>0.684s</td>
                    
                        <td class="text-success">成功</td>
                    
                    <td>
                        <button type="button" class="btn btn-success btn_info">查看详情</button>
                    </td>
                </tr>

                <tr class="test_log">

                    <td colspan="7" class="small text-muted" style=" word-wrap:break-word; word-break:break-all">
                        

                            <pre>test_create_product_42 (test_create_product.TestCreateProduct)执行——>【通过】
</pre>
                        
                        
                    </td>
                </tr>
            
                <tr>
                    <td>47</td>
                    <td class="TestCreateProduct">TestCreateProduct</td>
                    <td>test_create_product_43</td>
                    <td>创建商品失败-赠送是否允许赠送给内部员工体验为isStaffGift是，赠送频率年giftYear为空</td>
                    <td>0.877s</td>
                    
                        <td class="text-danger">失败</td>
                    
                    <td>
                        <button type="button" class="btn btn-success btn_info">查看详情</button>
                    </td>
                </tr>

                <tr class="test_log">

                    <td colspan="7" class="small text-muted" style=" word-wrap:break-word; word-break:break-all">
                        

                            <pre>test_create_product_43 (test_create_product.TestCreateProduct)执行——>【失败】
</pre>
                        

                            <pre>Traceback (most recent call last):
</pre>
                        

                            <pre>  File "G:\python3.6.4\lib\unittest\case.py", line 59, in testPartExecutor
    yield
</pre>
                        

                            <pre>  File "G:\python3.6.4\lib\unittest\case.py", line 605, in run
    testMethod()
</pre>
                        

                            <pre>  File "G:\pythonobject\likeClass\library\myddt.py", line 145, in wrapper
    return func(self, *args, **kwargs)
</pre>
                        

                            <pre>  File "G:\pythonobject\likeClass\testcases\test_create_product.py", line 72, in test_create_product
    raise e
</pre>
                        

                            <pre>  File "G:\pythonobject\likeClass\testcases\test_create_product.py", line 65, in test_create_product
    self.assertEqual(expected_results["code"], self.create_product_response["code"])
</pre>
                        

                            <pre>  File "G:\python3.6.4\lib\unittest\case.py", line 829, in assertEqual
    assertion_func(first, second, msg=msg)
</pre>
                        

                            <pre>  File "G:\python3.6.4\lib\unittest\case.py", line 1203, in assertMultiLineEqual
    self.fail(self._formatMessage(msg, standardMsg))
</pre>
                        

                            <pre>  File "G:\python3.6.4\lib\unittest\case.py", line 670, in fail
    raise self.failureException(msg)
</pre>
                        

                            <pre>AssertionError: 'E00002' != '000000'
- E00002
+ 000000

</pre>
                        
                        
                    </td>
                </tr>
            
                <tr>
                    <td>48</td>
                    <td class="TestCreateProduct">TestCreateProduct</td>
                    <td>test_create_product_44</td>
                    <td>创建商品失败-赠送是否允许赠送给内部员工体验为isStaffGift是，赠送频率年giftYear不为integer类型</td>
                    <td>0.617s</td>
                    
                        <td class="text-success">成功</td>
                    
                    <td>
                        <button type="button" class="btn btn-success btn_info">查看详情</button>
                    </td>
                </tr>

                <tr class="test_log">

                    <td colspan="7" class="small text-muted" style=" word-wrap:break-word; word-break:break-all">
                        

                            <pre>test_create_product_44 (test_create_product.TestCreateProduct)执行——>【通过】
</pre>
                        
                        
                    </td>
                </tr>
            
                <tr>
                    <td>49</td>
                    <td class="TestImportOrder">TestImportOrder</td>
                    <td>test_import_order_01</td>
                    <td>导入商品订单成功</td>
                    <td>2.61s</td>
                    
                        <td class="text-success">成功</td>
                    
                    <td>
                        <button type="button" class="btn btn-success btn_info">查看详情</button>
                    </td>
                </tr>

                <tr class="test_log">

                    <td colspan="7" class="small text-muted" style=" word-wrap:break-word; word-break:break-all">
                        

                            <pre>test_import_order_01 (test_import_order.TestImportOrder)执行——>【通过】
</pre>
                        
                        
                    </td>
                </tr>
            
                <tr>
                    <td>50</td>
                    <td class="TestImportOrder">TestImportOrder</td>
                    <td>test_import_order_02</td>
                    <td>导入商品订单成功-区号prefix为空</td>
                    <td>2.42s</td>
                    
                        <td class="text-success">成功</td>
                    
                    <td>
                        <button type="button" class="btn btn-success btn_info">查看详情</button>
                    </td>
                </tr>

                <tr class="test_log">

                    <td colspan="7" class="small text-muted" style=" word-wrap:break-word; word-break:break-all">
                        

                            <pre>test_import_order_02 (test_import_order.TestImportOrder)执行——>【通过】
</pre>
                        
                        
                    </td>
                </tr>
            
                <tr>
                    <td>51</td>
                    <td class="TestImportOrder">TestImportOrder</td>
                    <td>test_import_order_03</td>
                    <td>导入商品订单失败-区号prefix不为string类型</td>
                    <td>2.68s</td>
                    
                        <td class="text-danger">失败</td>
                    
                    <td>
                        <button type="button" class="btn btn-success btn_info">查看详情</button>
                    </td>
                </tr>

                <tr class="test_log">

                    <td colspan="7" class="small text-muted" style=" word-wrap:break-word; word-break:break-all">
                        

                            <pre>test_import_order_03 (test_import_order.TestImportOrder)执行——>【失败】
</pre>
                        

                            <pre>Traceback (most recent call last):
</pre>
                        

                            <pre>  File "G:\python3.6.4\lib\unittest\case.py", line 59, in testPartExecutor
    yield
</pre>
                        

                            <pre>  File "G:\python3.6.4\lib\unittest\case.py", line 605, in run
    testMethod()
</pre>
                        

                            <pre>  File "G:\pythonobject\likeClass\library\myddt.py", line 145, in wrapper
    return func(self, *args, **kwargs)
</pre>
                        

                            <pre>  File "G:\pythonobject\likeClass\testcases\test_import_order.py", line 114, in test_import_order
    raise e
</pre>
                        

                            <pre>  File "G:\pythonobject\likeClass\testcases\test_import_order.py", line 108, in test_import_order
    self.assertEqual(expected["data"]["errorReason"], jsonpath(import_order_response, "$..errorReason")[0])
</pre>
                        

                            <pre>  File "G:\python3.6.4\lib\unittest\case.py", line 829, in assertEqual
    assertion_func(first, second, msg=msg)
</pre>
                        

                            <pre>  File "G:\python3.6.4\lib\unittest\case.py", line 822, in _baseAssertEqual
    raise self.failureException(msg)
</pre>
                        

                            <pre>AssertionError: '区号不为string类型' != None
</pre>
                        
                        
                    </td>
                </tr>
            
                <tr>
                    <td>52</td>
                    <td class="TestImportOrder">TestImportOrder</td>
                    <td>test_import_order_04</td>
                    <td>导入商品订单失败-手机号mobile为空</td>
                    <td>2.15s</td>
                    
                        <td class="text-success">成功</td>
                    
                    <td>
                        <button type="button" class="btn btn-success btn_info">查看详情</button>
                    </td>
                </tr>

                <tr class="test_log">

                    <td colspan="7" class="small text-muted" style=" word-wrap:break-word; word-break:break-all">
                        

                            <pre>test_import_order_04 (test_import_order.TestImportOrder)执行——>【通过】
</pre>
                        
                        
                    </td>
                </tr>
            
                <tr>
                    <td>53</td>
                    <td class="TestImportOrder">TestImportOrder</td>
                    <td>test_import_order_05</td>
                    <td>导入商品订单失败-手机号mobile不为string类型</td>
                    <td>2.61s</td>
                    
                        <td class="text-danger">失败</td>
                    
                    <td>
                        <button type="button" class="btn btn-success btn_info">查看详情</button>
                    </td>
                </tr>

                <tr class="test_log">

                    <td colspan="7" class="small text-muted" style=" word-wrap:break-word; word-break:break-all">
                        

                            <pre>test_import_order_05 (test_import_order.TestImportOrder)执行——>【失败】
</pre>
                        

                            <pre>Traceback (most recent call last):
</pre>
                        

                            <pre>  File "G:\python3.6.4\lib\unittest\case.py", line 59, in testPartExecutor
    yield
</pre>
                        

                            <pre>  File "G:\python3.6.4\lib\unittest\case.py", line 605, in run
    testMethod()
</pre>
                        

                            <pre>  File "G:\pythonobject\likeClass\library\myddt.py", line 145, in wrapper
    return func(self, *args, **kwargs)
</pre>
                        

                            <pre>  File "G:\pythonobject\likeClass\testcases\test_import_order.py", line 114, in test_import_order
    raise e
</pre>
                        

                            <pre>  File "G:\pythonobject\likeClass\testcases\test_import_order.py", line 108, in test_import_order
    self.assertEqual(expected["data"]["errorReason"], jsonpath(import_order_response, "$..errorReason")[0])
</pre>
                        

                            <pre>  File "G:\python3.6.4\lib\unittest\case.py", line 829, in assertEqual
    assertion_func(first, second, msg=msg)
</pre>
                        

                            <pre>  File "G:\python3.6.4\lib\unittest\case.py", line 822, in _baseAssertEqual
    raise self.failureException(msg)
</pre>
                        

                            <pre>AssertionError: '手机号不为string类型' != None
</pre>
                        
                        
                    </td>
                </tr>
            
                <tr>
                    <td>54</td>
                    <td class="TestImportOrder">TestImportOrder</td>
                    <td>test_import_order_06</td>
                    <td>导入商品订单失败-售卖平台订单编号salePlatformOrderNumber为空</td>
                    <td>2.2s</td>
                    
                        <td class="text-danger">失败</td>
                    
                    <td>
                        <button type="button" class="btn btn-success btn_info">查看详情</button>
                    </td>
                </tr>

                <tr class="test_log">

                    <td colspan="7" class="small text-muted" style=" word-wrap:break-word; word-break:break-all">
                        

                            <pre>test_import_order_06 (test_import_order.TestImportOrder)执行——>【失败】
</pre>
                        

                            <pre>Traceback (most recent call last):
</pre>
                        

                            <pre>  File "G:\python3.6.4\lib\unittest\case.py", line 59, in testPartExecutor
    yield
</pre>
                        

                            <pre>  File "G:\python3.6.4\lib\unittest\case.py", line 605, in run
    testMethod()
</pre>
                        

                            <pre>  File "G:\pythonobject\likeClass\library\myddt.py", line 145, in wrapper
    return func(self, *args, **kwargs)
</pre>
                        

                            <pre>  File "G:\pythonobject\likeClass\testcases\test_import_order.py", line 114, in test_import_order
    raise e
</pre>
                        

                            <pre>  File "G:\pythonobject\likeClass\testcases\test_import_order.py", line 106, in test_import_order
    self.assertEqual(expected["code"], import_order_response["code"])
</pre>
                        

                            <pre>  File "G:\python3.6.4\lib\unittest\case.py", line 829, in assertEqual
    assertion_func(first, second, msg=msg)
</pre>
                        

                            <pre>  File "G:\python3.6.4\lib\unittest\case.py", line 1203, in assertMultiLineEqual
    self.fail(self._formatMessage(msg, standardMsg))
</pre>
                        

                            <pre>  File "G:\python3.6.4\lib\unittest\case.py", line 670, in fail
    raise self.failureException(msg)
</pre>
                        

                            <pre>AssertionError: '000000' != 'E00001'
- 000000
+ E00001

</pre>
                        
                        
                    </td>
                </tr>
            
                <tr>
                    <td>55</td>
                    <td class="TestImportOrder">TestImportOrder</td>
                    <td>test_import_order_07</td>
                    <td>导入商品订单失败-售卖平台订单编号salePlatformOrderNumber不为string类型</td>
                    <td>2.22s</td>
                    
                        <td class="text-danger">失败</td>
                    
                    <td>
                        <button type="button" class="btn btn-success btn_info">查看详情</button>
                    </td>
                </tr>

                <tr class="test_log">

                    <td colspan="7" class="small text-muted" style=" word-wrap:break-word; word-break:break-all">
                        

                            <pre>test_import_order_07 (test_import_order.TestImportOrder)执行——>【失败】
</pre>
                        

                            <pre>Traceback (most recent call last):
</pre>
                        

                            <pre>  File "G:\python3.6.4\lib\unittest\case.py", line 59, in testPartExecutor
    yield
</pre>
                        

                            <pre>  File "G:\python3.6.4\lib\unittest\case.py", line 605, in run
    testMethod()
</pre>
                        

                            <pre>  File "G:\pythonobject\likeClass\library\myddt.py", line 145, in wrapper
    return func(self, *args, **kwargs)
</pre>
                        

                            <pre>  File "G:\pythonobject\likeClass\testcases\test_import_order.py", line 114, in test_import_order
    raise e
</pre>
                        

                            <pre>  File "G:\pythonobject\likeClass\testcases\test_import_order.py", line 108, in test_import_order
    self.assertEqual(expected["data"]["errorReason"], jsonpath(import_order_response, "$..errorReason")[0])
</pre>
                        

                            <pre>  File "G:\python3.6.4\lib\unittest\case.py", line 829, in assertEqual
    assertion_func(first, second, msg=msg)
</pre>
                        

                            <pre>  File "G:\python3.6.4\lib\unittest\case.py", line 1203, in assertMultiLineEqual
    self.fail(self._formatMessage(msg, standardMsg))
</pre>
                        

                            <pre>  File "G:\python3.6.4\lib\unittest\case.py", line 670, in fail
    raise self.failureException(msg)
</pre>
                        

                            <pre>AssertionError: '售卖平台订单编号不为string类型' != '订单已存在'
- 售卖平台订单编号不为string类型
+ 订单已存在

</pre>
                        
                        
                    </td>
                </tr>
            
                <tr>
                    <td>56</td>
                    <td class="TestImportOrder">TestImportOrder</td>
                    <td>test_import_order_08</td>
                    <td>导入商品订单失败-售卖平台订单编号已存在（salePlatformOrderNumber已存在）</td>
                    <td>2.26s</td>
                    
                        <td class="text-success">成功</td>
                    
                    <td>
                        <button type="button" class="btn btn-success btn_info">查看详情</button>
                    </td>
                </tr>

                <tr class="test_log">

                    <td colspan="7" class="small text-muted" style=" word-wrap:break-word; word-break:break-all">
                        

                            <pre>test_import_order_08 (test_import_order.TestImportOrder)执行——>【通过】
</pre>
                        
                        
                    </td>
                </tr>
            
                <tr>
                    <td>57</td>
                    <td class="TestImportOrder">TestImportOrder</td>
                    <td>test_import_order_09</td>
                    <td>导入商品订单失败-商品数量quantity为空</td>
                    <td>2.32s</td>
                    
                        <td class="text-danger">失败</td>
                    
                    <td>
                        <button type="button" class="btn btn-success btn_info">查看详情</button>
                    </td>
                </tr>

                <tr class="test_log">

                    <td colspan="7" class="small text-muted" style=" word-wrap:break-word; word-break:break-all">
                        

                            <pre>test_import_order_09 (test_import_order.TestImportOrder)执行——>【失败】
</pre>
                        

                            <pre>Traceback (most recent call last):
</pre>
                        

                            <pre>  File "G:\python3.6.4\lib\unittest\case.py", line 59, in testPartExecutor
    yield
</pre>
                        

                            <pre>  File "G:\python3.6.4\lib\unittest\case.py", line 605, in run
    testMethod()
</pre>
                        

                            <pre>  File "G:\pythonobject\likeClass\library\myddt.py", line 145, in wrapper
    return func(self, *args, **kwargs)
</pre>
                        

                            <pre>  File "G:\pythonobject\likeClass\testcases\test_import_order.py", line 114, in test_import_order
    raise e
</pre>
                        

                            <pre>  File "G:\pythonobject\likeClass\testcases\test_import_order.py", line 106, in test_import_order
    self.assertEqual(expected["code"], import_order_response["code"])
</pre>
                        

                            <pre>  File "G:\python3.6.4\lib\unittest\case.py", line 829, in assertEqual
    assertion_func(first, second, msg=msg)
</pre>
                        

                            <pre>  File "G:\python3.6.4\lib\unittest\case.py", line 1203, in assertMultiLineEqual
    self.fail(self._formatMessage(msg, standardMsg))
</pre>
                        

                            <pre>  File "G:\python3.6.4\lib\unittest\case.py", line 670, in fail
    raise self.failureException(msg)
</pre>
                        

                            <pre>AssertionError: '000000' != 'E00001'
- 000000
+ E00001

</pre>
                        
                        
                    </td>
                </tr>
            
                <tr>
                    <td>58</td>
                    <td class="TestImportOrder">TestImportOrder</td>
                    <td>test_import_order_10</td>
                    <td>导入商品订单失败-商品数量quantity不为string类型</td>
                    <td>2.64s</td>
                    
                        <td class="text-danger">失败</td>
                    
                    <td>
                        <button type="button" class="btn btn-success btn_info">查看详情</button>
                    </td>
                </tr>

                <tr class="test_log">

                    <td colspan="7" class="small text-muted" style=" word-wrap:break-word; word-break:break-all">
                        

                            <pre>test_import_order_10 (test_import_order.TestImportOrder)执行——>【失败】
</pre>
                        

                            <pre>Traceback (most recent call last):
</pre>
                        

                            <pre>  File "G:\python3.6.4\lib\unittest\case.py", line 59, in testPartExecutor
    yield
</pre>
                        

                            <pre>  File "G:\python3.6.4\lib\unittest\case.py", line 605, in run
    testMethod()
</pre>
                        

                            <pre>  File "G:\pythonobject\likeClass\library\myddt.py", line 145, in wrapper
    return func(self, *args, **kwargs)
</pre>
                        

                            <pre>  File "G:\pythonobject\likeClass\testcases\test_import_order.py", line 114, in test_import_order
    raise e
</pre>
                        

                            <pre>  File "G:\pythonobject\likeClass\testcases\test_import_order.py", line 108, in test_import_order
    self.assertEqual(expected["data"]["errorReason"], jsonpath(import_order_response, "$..errorReason")[0])
</pre>
                        

                            <pre>  File "G:\python3.6.4\lib\unittest\case.py", line 829, in assertEqual
    assertion_func(first, second, msg=msg)
</pre>
                        

                            <pre>  File "G:\python3.6.4\lib\unittest\case.py", line 822, in _baseAssertEqual
    raise self.failureException(msg)
</pre>
                        

                            <pre>AssertionError: '数量不为string类型' != None
</pre>
                        
                        
                    </td>
                </tr>
            
                <tr>
                    <td>59</td>
                    <td class="TestLogin">TestLogin</td>
                    <td>test_login_1</td>
                    <td>登录成功</td>
                    <td>0.0s</td>
                    
                        <td class="text-info">跳过</td>
                    
                    <td>
                        <button type="button" class="btn btn-success btn_info">查看详情</button>
                    </td>
                </tr>

                <tr class="test_log">

                    <td colspan="7" class="small text-muted" style=" word-wrap:break-word; word-break:break-all">
                        

                            <pre>登录方法不执行</pre>
                        
                        
                    </td>
                </tr>
            
                <tr>
                    <td>60</td>
                    <td class="TestLogin">TestLogin</td>
                    <td>test_login_2</td>
                    <td>登录失败-</td>
                    <td>0.0s</td>
                    
                        <td class="text-info">跳过</td>
                    
                    <td>
                        <button type="button" class="btn btn-success btn_info">查看详情</button>
                    </td>
                </tr>

                <tr class="test_log">

                    <td colspan="7" class="small text-muted" style=" word-wrap:break-word; word-break:break-all">
                        

                            <pre>登录方法不执行</pre>
                        
                        
                    </td>
                </tr>
            
                <tr>
                    <td>61</td>
                    <td class="TestLogin">TestLogin</td>
                    <td>test_login_3</td>
                    <td>登录-失败</td>
                    <td>0.0s</td>
                    
                        <td class="text-info">跳过</td>
                    
                    <td>
                        <button type="button" class="btn btn-success btn_info">查看详情</button>
                    </td>
                </tr>

                <tr class="test_log">

                    <td colspan="7" class="small text-muted" style=" word-wrap:break-word; word-break:break-all">
                        

                            <pre>登录方法不执行</pre>
                        
                        
                    </td>
                </tr>
            
                <tr>
                    <td>62</td>
                    <td class="TestProductPut">TestProductPut</td>
                    <td>test_product_put_01</td>
                    <td>商品上架成功-商品id存在且商品未上架</td>
                    <td>1.92s</td>
                    
                        <td class="text-success">成功</td>
                    
                    <td>
                        <button type="button" class="btn btn-success btn_info">查看详情</button>
                    </td>
                </tr>

                <tr class="test_log">

                    <td colspan="7" class="small text-muted" style=" word-wrap:break-word; word-break:break-all">
                        

                            <pre>test_product_put_01 (test_product_put.TestProductPut)执行——>【通过】
</pre>
                        
                        
                    </td>
                </tr>
            
                <tr>
                    <td>63</td>
                    <td class="TestProductPut">TestProductPut</td>
                    <td>test_product_put_02</td>
                    <td>商品上架失败-商品id为空</td>
                    <td>1.4s</td>
                    
                        <td class="text-danger">失败</td>
                    
                    <td>
                        <button type="button" class="btn btn-success btn_info">查看详情</button>
                    </td>
                </tr>

                <tr class="test_log">

                    <td colspan="7" class="small text-muted" style=" word-wrap:break-word; word-break:break-all">
                        

                            <pre>test_product_put_02 (test_product_put.TestProductPut)执行——>【失败】
</pre>
                        

                            <pre>Traceback (most recent call last):
</pre>
                        

                            <pre>  File "G:\python3.6.4\lib\unittest\case.py", line 59, in testPartExecutor
    yield
</pre>
                        

                            <pre>  File "G:\python3.6.4\lib\unittest\case.py", line 605, in run
    testMethod()
</pre>
                        

                            <pre>  File "G:\pythonobject\likeClass\library\myddt.py", line 145, in wrapper
    return func(self, *args, **kwargs)
</pre>
                        

                            <pre>  File "G:\pythonobject\likeClass\testcases\test_product_put.py", line 94, in test_product_put
    raise e
</pre>
                        

                            <pre>  File "G:\pythonobject\likeClass\testcases\test_product_put.py", line 88, in test_product_put
    self.assertEqual(self.response["msg"], expected_result["msg"])
</pre>
                        

                            <pre>  File "G:\python3.6.4\lib\unittest\case.py", line 829, in assertEqual
    assertion_func(first, second, msg=msg)
</pre>
                        

                            <pre>  File "G:\python3.6.4\lib\unittest\case.py", line 1203, in assertMultiLineEqual
    self.fail(self._formatMessage(msg, standardMsg))
</pre>
                        

                            <pre>  File "G:\python3.6.4\lib\unittest\case.py", line 670, in fail
    raise self.failureException(msg)
</pre>
                        

                            <pre>AssertionError: "业务服务异常，请检查代码.异常信息:com.lks.platform.busin[302 chars]alue" != '商品id不能为空'
+ 商品id不能为空- 业务服务异常，请检查代码.异常信息:com.lks.platform.business.mapper.ProductPutawayDetailMapper.insert (batch index #1) failed. Cause: java.sql.BatchUpdateException: Field 'product_id' doesn't have a default value
- ; Field 'product_id' doesn't have a default value; nested exception is java.sql.BatchUpdateException: Field 'product_id' doesn't have a default value
</pre>
                        
                        
                    </td>
                </tr>
            
                <tr>
                    <td>64</td>
                    <td class="TestProductPut">TestProductPut</td>
                    <td>test_product_put_03</td>
                    <td>商品上架失败-商品id不为number类型</td>
                    <td>1.34s</td>
                    
                        <td class="text-success">成功</td>
                    
                    <td>
                        <button type="button" class="btn btn-success btn_info">查看详情</button>
                    </td>
                </tr>

                <tr class="test_log">

                    <td colspan="7" class="small text-muted" style=" word-wrap:break-word; word-break:break-all">
                        

                            <pre>test_product_put_03 (test_product_put.TestProductPut)执行——>【通过】
</pre>
                        
                        
                    </td>
                </tr>
            
                <tr>
                    <td>65</td>
                    <td class="TestProductPut">TestProductPut</td>
                    <td>test_product_put_04</td>
                    <td>商品上架失败-现售价为空</td>
                    <td>1.5s</td>
                    
                        <td class="text-danger">失败</td>
                    
                    <td>
                        <button type="button" class="btn btn-success btn_info">查看详情</button>
                    </td>
                </tr>

                <tr class="test_log">

                    <td colspan="7" class="small text-muted" style=" word-wrap:break-word; word-break:break-all">
                        

                            <pre>test_product_put_04 (test_product_put.TestProductPut)执行——>【失败】
</pre>
                        

                            <pre>Traceback (most recent call last):
</pre>
                        

                            <pre>  File "G:\python3.6.4\lib\unittest\case.py", line 59, in testPartExecutor
    yield
</pre>
                        

                            <pre>  File "G:\python3.6.4\lib\unittest\case.py", line 605, in run
    testMethod()
</pre>
                        

                            <pre>  File "G:\pythonobject\likeClass\library\myddt.py", line 145, in wrapper
    return func(self, *args, **kwargs)
</pre>
                        

                            <pre>  File "G:\pythonobject\likeClass\testcases\test_product_put.py", line 94, in test_product_put
    raise e
</pre>
                        

                            <pre>  File "G:\pythonobject\likeClass\testcases\test_product_put.py", line 88, in test_product_put
    self.assertEqual(self.response["msg"], expected_result["msg"])
</pre>
                        

                            <pre>  File "G:\python3.6.4\lib\unittest\case.py", line 829, in assertEqual
    assertion_func(first, second, msg=msg)
</pre>
                        

                            <pre>  File "G:\python3.6.4\lib\unittest\case.py", line 1203, in assertMultiLineEqual
    self.fail(self._formatMessage(msg, standardMsg))
</pre>
                        

                            <pre>  File "G:\python3.6.4\lib\unittest\case.py", line 670, in fail
    raise self.failureException(msg)
</pre>
                        

                            <pre>AssertionError: '业务服务异常，请检查代码.异常信息:null' != '现售价不能为空'
- 业务服务异常，请检查代码.异常信息:null
+ 现售价不能为空

</pre>
                        
                        
                    </td>
                </tr>
            
                <tr>
                    <td>66</td>
                    <td class="TestProductPut">TestProductPut</td>
                    <td>test_product_put_05</td>
                    <td>商品上架失败-现售价不为数字类型</td>
                    <td>1.35s</td>
                    
                        <td class="text-success">成功</td>
                    
                    <td>
                        <button type="button" class="btn btn-success btn_info">查看详情</button>
                    </td>
                </tr>

                <tr class="test_log">

                    <td colspan="7" class="small text-muted" style=" word-wrap:break-word; word-break:break-all">
                        

                            <pre>test_product_put_05 (test_product_put.TestProductPut)执行——>【通过】
</pre>
                        
                        
                    </td>
                </tr>
            
                <tr>
                    <td>67</td>
                    <td class="TestProductPut">TestProductPut</td>
                    <td>test_product_put_06</td>
                    <td>商品上架失败-现售价为负数</td>
                    <td>1.89s</td>
                    
                        <td class="text-danger">失败</td>
                    
                    <td>
                        <button type="button" class="btn btn-success btn_info">查看详情</button>
                    </td>
                </tr>

                <tr class="test_log">

                    <td colspan="7" class="small text-muted" style=" word-wrap:break-word; word-break:break-all">
                        

                            <pre>test_product_put_06 (test_product_put.TestProductPut)执行——>【失败】
</pre>
                        

                            <pre>Traceback (most recent call last):
</pre>
                        

                            <pre>  File "G:\python3.6.4\lib\unittest\case.py", line 59, in testPartExecutor
    yield
</pre>
                        

                            <pre>  File "G:\python3.6.4\lib\unittest\case.py", line 605, in run
    testMethod()
</pre>
                        

                            <pre>  File "G:\pythonobject\likeClass\library\myddt.py", line 145, in wrapper
    return func(self, *args, **kwargs)
</pre>
                        

                            <pre>  File "G:\pythonobject\likeClass\testcases\test_product_put.py", line 94, in test_product_put
    raise e
</pre>
                        

                            <pre>  File "G:\pythonobject\likeClass\testcases\test_product_put.py", line 87, in test_product_put
    self.assertEqual(self.response["code"], expected_result["code"])
</pre>
                        

                            <pre>  File "G:\python3.6.4\lib\unittest\case.py", line 829, in assertEqual
    assertion_func(first, second, msg=msg)
</pre>
                        

                            <pre>  File "G:\python3.6.4\lib\unittest\case.py", line 1203, in assertMultiLineEqual
    self.fail(self._formatMessage(msg, standardMsg))
</pre>
                        

                            <pre>  File "G:\python3.6.4\lib\unittest\case.py", line 670, in fail
    raise self.failureException(msg)
</pre>
                        

                            <pre>AssertionError: '000000' != 'E00002'
- 000000
+ E00002

</pre>
                        
                        
                    </td>
                </tr>
            
                <tr>
                    <td>68</td>
                    <td class="TestProductPut">TestProductPut</td>
                    <td>test_product_put_07</td>
                    <td>商品上架失败-商品原单价为空</td>
                    <td>1.98s</td>
                    
                        <td class="text-danger">失败</td>
                    
                    <td>
                        <button type="button" class="btn btn-success btn_info">查看详情</button>
                    </td>
                </tr>

                <tr class="test_log">

                    <td colspan="7" class="small text-muted" style=" word-wrap:break-word; word-break:break-all">
                        

                            <pre>test_product_put_07 (test_product_put.TestProductPut)执行——>【失败】
</pre>
                        

                            <pre>Traceback (most recent call last):
</pre>
                        

                            <pre>  File "G:\python3.6.4\lib\unittest\case.py", line 59, in testPartExecutor
    yield
</pre>
                        

                            <pre>  File "G:\python3.6.4\lib\unittest\case.py", line 605, in run
    testMethod()
</pre>
                        

                            <pre>  File "G:\pythonobject\likeClass\library\myddt.py", line 145, in wrapper
    return func(self, *args, **kwargs)
</pre>
                        

                            <pre>  File "G:\pythonobject\likeClass\testcases\test_product_put.py", line 94, in test_product_put
    raise e
</pre>
                        

                            <pre>  File "G:\pythonobject\likeClass\testcases\test_product_put.py", line 87, in test_product_put
    self.assertEqual(self.response["code"], expected_result["code"])
</pre>
                        

                            <pre>  File "G:\python3.6.4\lib\unittest\case.py", line 829, in assertEqual
    assertion_func(first, second, msg=msg)
</pre>
                        

                            <pre>  File "G:\python3.6.4\lib\unittest\case.py", line 1203, in assertMultiLineEqual
    self.fail(self._formatMessage(msg, standardMsg))
</pre>
                        

                            <pre>  File "G:\python3.6.4\lib\unittest\case.py", line 670, in fail
    raise self.failureException(msg)
</pre>
                        

                            <pre>AssertionError: '000000' != 'E00002'
- 000000
+ E00002

</pre>
                        
                        
                    </td>
                </tr>
            
                <tr>
                    <td>69</td>
                    <td class="TestProductPut">TestProductPut</td>
                    <td>test_product_put_08</td>
                    <td>商品上架失败-商品原单价不为number类型</td>
                    <td>1.52s</td>
                    
                        <td class="text-success">成功</td>
                    
                    <td>
                        <button type="button" class="btn btn-success btn_info">查看详情</button>
                    </td>
                </tr>

                <tr class="test_log">

                    <td colspan="7" class="small text-muted" style=" word-wrap:break-word; word-break:break-all">
                        

                            <pre>test_product_put_08 (test_product_put.TestProductPut)执行——>【通过】
</pre>
                        
                        
                    </td>
                </tr>
            
                <tr>
                    <td>70</td>
                    <td class="TestProductPut">TestProductPut</td>
                    <td>test_product_put_09</td>
                    <td>商品上架失败-商品数量为空</td>
                    <td>1.7s</td>
                    
                        <td class="text-danger">失败</td>
                    
                    <td>
                        <button type="button" class="btn btn-success btn_info">查看详情</button>
                    </td>
                </tr>

                <tr class="test_log">

                    <td colspan="7" class="small text-muted" style=" word-wrap:break-word; word-break:break-all">
                        

                            <pre>test_product_put_09 (test_product_put.TestProductPut)执行——>【失败】
</pre>
                        

                            <pre>Traceback (most recent call last):
</pre>
                        

                            <pre>  File "G:\python3.6.4\lib\unittest\case.py", line 59, in testPartExecutor
    yield
</pre>
                        

                            <pre>  File "G:\python3.6.4\lib\unittest\case.py", line 605, in run
    testMethod()
</pre>
                        

                            <pre>  File "G:\pythonobject\likeClass\library\myddt.py", line 145, in wrapper
    return func(self, *args, **kwargs)
</pre>
                        

                            <pre>  File "G:\pythonobject\likeClass\testcases\test_product_put.py", line 94, in test_product_put
    raise e
</pre>
                        

                            <pre>  File "G:\pythonobject\likeClass\testcases\test_product_put.py", line 87, in test_product_put
    self.assertEqual(self.response["code"], expected_result["code"])
</pre>
                        

                            <pre>  File "G:\python3.6.4\lib\unittest\case.py", line 829, in assertEqual
    assertion_func(first, second, msg=msg)
</pre>
                        

                            <pre>  File "G:\python3.6.4\lib\unittest\case.py", line 1203, in assertMultiLineEqual
    self.fail(self._formatMessage(msg, standardMsg))
</pre>
                        

                            <pre>  File "G:\python3.6.4\lib\unittest\case.py", line 670, in fail
    raise self.failureException(msg)
</pre>
                        

                            <pre>AssertionError: '000000' != 'E00002'
- 000000
+ E00002

</pre>
                        
                        
                    </td>
                </tr>
            
                <tr>
                    <td>71</td>
                    <td class="TestProductPut">TestProductPut</td>
                    <td>test_product_put_10</td>
                    <td>商品上架成功-商品数量为2</td>
                    <td>1.86s</td>
                    
                        <td class="text-success">成功</td>
                    
                    <td>
                        <button type="button" class="btn btn-success btn_info">查看详情</button>
                    </td>
                </tr>

                <tr class="test_log">

                    <td colspan="7" class="small text-muted" style=" word-wrap:break-word; word-break:break-all">
                        

                            <pre>test_product_put_10 (test_product_put.TestProductPut)执行——>【通过】
</pre>
                        
                        
                    </td>
                </tr>
            
                <tr>
                    <td>72</td>
                    <td class="TestProductPut">TestProductPut</td>
                    <td>test_product_put_11</td>
                    <td>商品上架失败-商品数量不为number类型</td>
                    <td>1.34s</td>
                    
                        <td class="text-success">成功</td>
                    
                    <td>
                        <button type="button" class="btn btn-success btn_info">查看详情</button>
                    </td>
                </tr>

                <tr class="test_log">

                    <td colspan="7" class="small text-muted" style=" word-wrap:break-word; word-break:break-all">
                        

                            <pre>test_product_put_11 (test_product_put.TestProductPut)执行——>【通过】
</pre>
                        
                        
                    </td>
                </tr>
            
                <tr>
                    <td>73</td>
                    <td class="TestProductPut">TestProductPut</td>
                    <td>test_product_put_12</td>
                    <td>商品上架失败-商品名称为空</td>
                    <td>2.01s</td>
                    
                        <td class="text-danger">失败</td>
                    
                    <td>
                        <button type="button" class="btn btn-success btn_info">查看详情</button>
                    </td>
                </tr>

                <tr class="test_log">

                    <td colspan="7" class="small text-muted" style=" word-wrap:break-word; word-break:break-all">
                        

                            <pre>test_product_put_12 (test_product_put.TestProductPut)执行——>【失败】
</pre>
                        

                            <pre>Traceback (most recent call last):
</pre>
                        

                            <pre>  File "G:\python3.6.4\lib\unittest\case.py", line 59, in testPartExecutor
    yield
</pre>
                        

                            <pre>  File "G:\python3.6.4\lib\unittest\case.py", line 605, in run
    testMethod()
</pre>
                        

                            <pre>  File "G:\pythonobject\likeClass\library\myddt.py", line 145, in wrapper
    return func(self, *args, **kwargs)
</pre>
                        

                            <pre>  File "G:\pythonobject\likeClass\testcases\test_product_put.py", line 94, in test_product_put
    raise e
</pre>
                        

                            <pre>  File "G:\pythonobject\likeClass\testcases\test_product_put.py", line 88, in test_product_put
    self.assertEqual(self.response["msg"], expected_result["msg"])
</pre>
                        

                            <pre>  File "G:\python3.6.4\lib\unittest\case.py", line 829, in assertEqual
    assertion_func(first, second, msg=msg)
</pre>
                        

                            <pre>  File "G:\python3.6.4\lib\unittest\case.py", line 1203, in assertMultiLineEqual
    self.fail(self._formatMessage(msg, standardMsg))
</pre>
                        

                            <pre>  File "G:\python3.6.4\lib\unittest\case.py", line 670, in fail
    raise self.failureException(msg)
</pre>
                        

                            <pre>AssertionError: '成功' != '商品名称不能为空'
- 成功
+ 商品名称不能为空

</pre>
                        
                        
                    </td>
                </tr>
            
                <tr>
                    <td>74</td>
                    <td class="TestProductPut">TestProductPut</td>
                    <td>test_product_put_13</td>
                    <td>商品上架失败-商品名称不为sting类型</td>
                    <td>1.77s</td>
                    
                        <td class="text-danger">失败</td>
                    
                    <td>
                        <button type="button" class="btn btn-success btn_info">查看详情</button>
                    </td>
                </tr>

                <tr class="test_log">

                    <td colspan="7" class="small text-muted" style=" word-wrap:break-word; word-break:break-all">
                        

                            <pre>test_product_put_13 (test_product_put.TestProductPut)执行——>【失败】
</pre>
                        

                            <pre>Traceback (most recent call last):
</pre>
                        

                            <pre>  File "G:\python3.6.4\lib\unittest\case.py", line 59, in testPartExecutor
    yield
</pre>
                        

                            <pre>  File "G:\python3.6.4\lib\unittest\case.py", line 605, in run
    testMethod()
</pre>
                        

                            <pre>  File "G:\pythonobject\likeClass\library\myddt.py", line 145, in wrapper
    return func(self, *args, **kwargs)
</pre>
                        

                            <pre>  File "G:\pythonobject\likeClass\testcases\test_product_put.py", line 94, in test_product_put
    raise e
</pre>
                        

                            <pre>  File "G:\pythonobject\likeClass\testcases\test_product_put.py", line 87, in test_product_put
    self.assertEqual(self.response["code"], expected_result["code"])
</pre>
                        

                            <pre>  File "G:\python3.6.4\lib\unittest\case.py", line 829, in assertEqual
    assertion_func(first, second, msg=msg)
</pre>
                        

                            <pre>  File "G:\python3.6.4\lib\unittest\case.py", line 1203, in assertMultiLineEqual
    self.fail(self._formatMessage(msg, standardMsg))
</pre>
                        

                            <pre>  File "G:\python3.6.4\lib\unittest\case.py", line 670, in fail
    raise self.failureException(msg)
</pre>
                        

                            <pre>AssertionError: '000000' != 'E00002'
- 000000
+ E00002

</pre>
                        
                        
                    </td>
                </tr>
            
                <tr>
                    <td>75</td>
                    <td class="TestProductPut">TestProductPut</td>
                    <td>test_product_put_14</td>
                    <td>商品上架失败-是否立即发货为空</td>
                    <td>1.32s</td>
                    
                        <td class="text-danger">失败</td>
                    
                    <td>
                        <button type="button" class="btn btn-success btn_info">查看详情</button>
                    </td>
                </tr>

                <tr class="test_log">

                    <td colspan="7" class="small text-muted" style=" word-wrap:break-word; word-break:break-all">
                        

                            <pre>test_product_put_14 (test_product_put.TestProductPut)执行——>【失败】
</pre>
                        

                            <pre>Traceback (most recent call last):
</pre>
                        

                            <pre>  File "G:\python3.6.4\lib\unittest\case.py", line 59, in testPartExecutor
    yield
</pre>
                        

                            <pre>  File "G:\python3.6.4\lib\unittest\case.py", line 605, in run
    testMethod()
</pre>
                        

                            <pre>  File "G:\pythonobject\likeClass\library\myddt.py", line 145, in wrapper
    return func(self, *args, **kwargs)
</pre>
                        

                            <pre>  File "G:\pythonobject\likeClass\testcases\test_product_put.py", line 94, in test_product_put
    raise e
</pre>
                        

                            <pre>  File "G:\pythonobject\likeClass\testcases\test_product_put.py", line 87, in test_product_put
    self.assertEqual(self.response["code"], expected_result["code"])
</pre>
                        

                            <pre>  File "G:\python3.6.4\lib\unittest\case.py", line 829, in assertEqual
    assertion_func(first, second, msg=msg)
</pre>
                        

                            <pre>  File "G:\python3.6.4\lib\unittest\case.py", line 1203, in assertMultiLineEqual
    self.fail(self._formatMessage(msg, standardMsg))
</pre>
                        

                            <pre>  File "G:\python3.6.4\lib\unittest\case.py", line 670, in fail
    raise self.failureException(msg)
</pre>
                        

                            <pre>AssertionError: 'E00001' != 'E00002'
- E00001
?      ^
+ E00002
?      ^

</pre>
                        
                        
                    </td>
                </tr>
            
                <tr>
                    <td>76</td>
                    <td class="TestProductPut">TestProductPut</td>
                    <td>test_product_put_15</td>
                    <td>商品上架失败-是否立即发货不为number类型</td>
                    <td>1.52s</td>
                    
                        <td class="text-success">成功</td>
                    
                    <td>
                        <button type="button" class="btn btn-success btn_info">查看详情</button>
                    </td>
                </tr>

                <tr class="test_log">

                    <td colspan="7" class="small text-muted" style=" word-wrap:break-word; word-break:break-all">
                        

                            <pre>test_product_put_15 (test_product_put.TestProductPut)执行——>【通过】
</pre>
                        
                        
                    </td>
                </tr>
            
                <tr>
                    <td>77</td>
                    <td class="TestProductPut">TestProductPut</td>
                    <td>test_product_put_16</td>
                    <td>商品上架失败-是否立即上架为空</td>
                    <td>1.6s</td>
                    
                        <td class="text-danger">失败</td>
                    
                    <td>
                        <button type="button" class="btn btn-success btn_info">查看详情</button>
                    </td>
                </tr>

                <tr class="test_log">

                    <td colspan="7" class="small text-muted" style=" word-wrap:break-word; word-break:break-all">
                        

                            <pre>test_product_put_16 (test_product_put.TestProductPut)执行——>【失败】
</pre>
                        

                            <pre>Traceback (most recent call last):
</pre>
                        

                            <pre>  File "G:\python3.6.4\lib\unittest\case.py", line 59, in testPartExecutor
    yield
</pre>
                        

                            <pre>  File "G:\python3.6.4\lib\unittest\case.py", line 605, in run
    testMethod()
</pre>
                        

                            <pre>  File "G:\pythonobject\likeClass\library\myddt.py", line 145, in wrapper
    return func(self, *args, **kwargs)
</pre>
                        

                            <pre>  File "G:\pythonobject\likeClass\testcases\test_product_put.py", line 94, in test_product_put
    raise e
</pre>
                        

                            <pre>  File "G:\pythonobject\likeClass\testcases\test_product_put.py", line 88, in test_product_put
    self.assertEqual(self.response["msg"], expected_result["msg"])
</pre>
                        

                            <pre>  File "G:\python3.6.4\lib\unittest\case.py", line 829, in assertEqual
    assertion_func(first, second, msg=msg)
</pre>
                        

                            <pre>  File "G:\python3.6.4\lib\unittest\case.py", line 1203, in assertMultiLineEqual
    self.fail(self._formatMessage(msg, standardMsg))
</pre>
                        

                            <pre>  File "G:\python3.6.4\lib\unittest\case.py", line 670, in fail
    raise self.failureException(msg)
</pre>
                        

                            <pre>AssertionError: '上架时间不能为空' != '是否立即上架不能为空'
- 上架时间不能为空
+ 是否立即上架不能为空

</pre>
                        
                        
                    </td>
                </tr>
            
                <tr>
                    <td>78</td>
                    <td class="TestProductPut">TestProductPut</td>
                    <td>test_product_put_17</td>
                    <td>商品上架失败-是否立即上架为否-False，上架时间为空</td>
                    <td>1.27s</td>
                    
                        <td class="text-success">成功</td>
                    
                    <td>
                        <button type="button" class="btn btn-success btn_info">查看详情</button>
                    </td>
                </tr>

                <tr class="test_log">

                    <td colspan="7" class="small text-muted" style=" word-wrap:break-word; word-break:break-all">
                        

                            <pre>test_product_put_17 (test_product_put.TestProductPut)执行——>【通过】
</pre>
                        
                        
                    </td>
                </tr>
            
                <tr>
                    <td>79</td>
                    <td class="TestProductPut">TestProductPut</td>
                    <td>test_product_put_18</td>
                    <td>商品上架失败-是否立即上架不为布尔值类型</td>
                    <td>1.58s</td>
                    
                        <td class="text-success">成功</td>
                    
                    <td>
                        <button type="button" class="btn btn-success btn_info">查看详情</button>
                    </td>
                </tr>

                <tr class="test_log">

                    <td colspan="7" class="small text-muted" style=" word-wrap:break-word; word-break:break-all">
                        

                            <pre>test_product_put_18 (test_product_put.TestProductPut)执行——>【通过】
</pre>
                        
                        
                    </td>
                </tr>
            
                <tr>
                    <td>80</td>
                    <td class="TestProductPut">TestProductPut</td>
                    <td>test_product_put_19</td>
                    <td>商品上架失败-上架商品中文名为空</td>
                    <td>1.44s</td>
                    
                        <td class="text-danger">失败</td>
                    
                    <td>
                        <button type="button" class="btn btn-success btn_info">查看详情</button>
                    </td>
                </tr>

                <tr class="test_log">

                    <td colspan="7" class="small text-muted" style=" word-wrap:break-word; word-break:break-all">
                        

                            <pre>test_product_put_19 (test_product_put.TestProductPut)执行——>【失败】
</pre>
                        

                            <pre>Traceback (most recent call last):
</pre>
                        

                            <pre>  File "G:\python3.6.4\lib\unittest\case.py", line 59, in testPartExecutor
    yield
</pre>
                        

                            <pre>  File "G:\python3.6.4\lib\unittest\case.py", line 605, in run
    testMethod()
</pre>
                        

                            <pre>  File "G:\pythonobject\likeClass\library\myddt.py", line 145, in wrapper
    return func(self, *args, **kwargs)
</pre>
                        

                            <pre>  File "G:\pythonobject\likeClass\testcases\test_product_put.py", line 94, in test_product_put
    raise e
</pre>
                        

                            <pre>  File "G:\pythonobject\likeClass\testcases\test_product_put.py", line 87, in test_product_put
    self.assertEqual(self.response["code"], expected_result["code"])
</pre>
                        

                            <pre>  File "G:\python3.6.4\lib\unittest\case.py", line 829, in assertEqual
    assertion_func(first, second, msg=msg)
</pre>
                        

                            <pre>  File "G:\python3.6.4\lib\unittest\case.py", line 1203, in assertMultiLineEqual
    self.fail(self._formatMessage(msg, standardMsg))
</pre>
                        

                            <pre>  File "G:\python3.6.4\lib\unittest\case.py", line 670, in fail
    raise self.failureException(msg)
</pre>
                        

                            <pre>AssertionError: 'E00001' != 'E00002'
- E00001
?      ^
+ E00002
?      ^

</pre>
                        
                        
                    </td>
                </tr>
            
                <tr>
                    <td>81</td>
                    <td class="TestProductPut">TestProductPut</td>
                    <td>test_product_put_20</td>
                    <td>商品上架失败-上架商品中文名不为string类型</td>
                    <td>1.64s</td>
                    
                        <td class="text-danger">失败</td>
                    
                    <td>
                        <button type="button" class="btn btn-success btn_info">查看详情</button>
                    </td>
                </tr>

                <tr class="test_log">

                    <td colspan="7" class="small text-muted" style=" word-wrap:break-word; word-break:break-all">
                        

                            <pre>test_product_put_20 (test_product_put.TestProductPut)执行——>【失败】
</pre>
                        

                            <pre>Traceback (most recent call last):
</pre>
                        

                            <pre>  File "G:\python3.6.4\lib\unittest\case.py", line 59, in testPartExecutor
    yield
</pre>
                        

                            <pre>  File "G:\python3.6.4\lib\unittest\case.py", line 605, in run
    testMethod()
</pre>
                        

                            <pre>  File "G:\pythonobject\likeClass\library\myddt.py", line 145, in wrapper
    return func(self, *args, **kwargs)
</pre>
                        

                            <pre>  File "G:\pythonobject\likeClass\testcases\test_product_put.py", line 94, in test_product_put
    raise e
</pre>
                        

                            <pre>  File "G:\pythonobject\likeClass\testcases\test_product_put.py", line 87, in test_product_put
    self.assertEqual(self.response["code"], expected_result["code"])
</pre>
                        

                            <pre>  File "G:\python3.6.4\lib\unittest\case.py", line 829, in assertEqual
    assertion_func(first, second, msg=msg)
</pre>
                        

                            <pre>  File "G:\python3.6.4\lib\unittest\case.py", line 1203, in assertMultiLineEqual
    self.fail(self._formatMessage(msg, standardMsg))
</pre>
                        

                            <pre>  File "G:\python3.6.4\lib\unittest\case.py", line 670, in fail
    raise self.failureException(msg)
</pre>
                        

                            <pre>AssertionError: '000000' != 'E00002'
- 000000
+ E00002

</pre>
                        
                        
                    </td>
                </tr>
            
                <tr>
                    <td>82</td>
                    <td class="TestProductPut">TestProductPut</td>
                    <td>test_product_put_21</td>
                    <td>商品上架失败-售卖平台id为空</td>
                    <td>1.32s</td>
                    
                        <td class="text-danger">失败</td>
                    
                    <td>
                        <button type="button" class="btn btn-success btn_info">查看详情</button>
                    </td>
                </tr>

                <tr class="test_log">

                    <td colspan="7" class="small text-muted" style=" word-wrap:break-word; word-break:break-all">
                        

                            <pre>test_product_put_21 (test_product_put.TestProductPut)执行——>【失败】
</pre>
                        

                            <pre>Traceback (most recent call last):
</pre>
                        

                            <pre>  File "G:\python3.6.4\lib\unittest\case.py", line 59, in testPartExecutor
    yield
</pre>
                        

                            <pre>  File "G:\python3.6.4\lib\unittest\case.py", line 605, in run
    testMethod()
</pre>
                        

                            <pre>  File "G:\pythonobject\likeClass\library\myddt.py", line 145, in wrapper
    return func(self, *args, **kwargs)
</pre>
                        

                            <pre>  File "G:\pythonobject\likeClass\testcases\test_product_put.py", line 94, in test_product_put
    raise e
</pre>
                        

                            <pre>  File "G:\pythonobject\likeClass\testcases\test_product_put.py", line 87, in test_product_put
    self.assertEqual(self.response["code"], expected_result["code"])
</pre>
                        

                            <pre>  File "G:\python3.6.4\lib\unittest\case.py", line 829, in assertEqual
    assertion_func(first, second, msg=msg)
</pre>
                        

                            <pre>  File "G:\python3.6.4\lib\unittest\case.py", line 1203, in assertMultiLineEqual
    self.fail(self._formatMessage(msg, standardMsg))
</pre>
                        

                            <pre>  File "G:\python3.6.4\lib\unittest\case.py", line 670, in fail
    raise self.failureException(msg)
</pre>
                        

                            <pre>AssertionError: 'E00001' != 'E00002'
- E00001
?      ^
+ E00002
?      ^

</pre>
                        
                        
                    </td>
                </tr>
            
                <tr>
                    <td>83</td>
                    <td class="TestProductPut">TestProductPut</td>
                    <td>test_product_put_22</td>
                    <td>商品上架失败-售卖平台id不为number类型</td>
                    <td>1.26s</td>
                    
                        <td class="text-success">成功</td>
                    
                    <td>
                        <button type="button" class="btn btn-success btn_info">查看详情</button>
                    </td>
                </tr>

                <tr class="test_log">

                    <td colspan="7" class="small text-muted" style=" word-wrap:break-word; word-break:break-all">
                        

                            <pre>test_product_put_22 (test_product_put.TestProductPut)执行——>【通过】
</pre>
                        
                        
                    </td>
                </tr>
            
                <tr>
                    <td>84</td>
                    <td class="TestProductPut">TestProductPut</td>
                    <td>test_product_put_23</td>
                    <td>商品上架失败-售卖平台商品编号为空</td>
                    <td>1.41s</td>
                    
                        <td class="text-success">成功</td>
                    
                    <td>
                        <button type="button" class="btn btn-success btn_info">查看详情</button>
                    </td>
                </tr>

                <tr class="test_log">

                    <td colspan="7" class="small text-muted" style=" word-wrap:break-word; word-break:break-all">
                        

                            <pre>test_product_put_23 (test_product_put.TestProductPut)执行——>【通过】
</pre>
                        
                        
                    </td>
                </tr>
            
                <tr>
                    <td>85</td>
                    <td class="TestProductPut">TestProductPut</td>
                    <td>test_product_put_24</td>
                    <td>商品上架失败-售卖平台商品编号不为string类型</td>
                    <td>1.91s</td>
                    
                        <td class="text-danger">失败</td>
                    
                    <td>
                        <button type="button" class="btn btn-success btn_info">查看详情</button>
                    </td>
                </tr>

                <tr class="test_log">

                    <td colspan="7" class="small text-muted" style=" word-wrap:break-word; word-break:break-all">
                        

                            <pre>test_product_put_24 (test_product_put.TestProductPut)执行——>【失败】
</pre>
                        

                            <pre>Traceback (most recent call last):
</pre>
                        

                            <pre>  File "G:\python3.6.4\lib\unittest\case.py", line 59, in testPartExecutor
    yield
</pre>
                        

                            <pre>  File "G:\python3.6.4\lib\unittest\case.py", line 605, in run
    testMethod()
</pre>
                        

                            <pre>  File "G:\pythonobject\likeClass\library\myddt.py", line 145, in wrapper
    return func(self, *args, **kwargs)
</pre>
                        

                            <pre>  File "G:\pythonobject\likeClass\testcases\test_product_put.py", line 94, in test_product_put
    raise e
</pre>
                        

                            <pre>  File "G:\pythonobject\likeClass\testcases\test_product_put.py", line 87, in test_product_put
    self.assertEqual(self.response["code"], expected_result["code"])
</pre>
                        

                            <pre>  File "G:\python3.6.4\lib\unittest\case.py", line 829, in assertEqual
    assertion_func(first, second, msg=msg)
</pre>
                        

                            <pre>  File "G:\python3.6.4\lib\unittest\case.py", line 1203, in assertMultiLineEqual
    self.fail(self._formatMessage(msg, standardMsg))
</pre>
                        

                            <pre>  File "G:\python3.6.4\lib\unittest\case.py", line 670, in fail
    raise self.failureException(msg)
</pre>
                        

                            <pre>AssertionError: '000000' != 'E00002'
- 000000
+ E00002

</pre>
                        
                        
                    </td>
                </tr>
            
                <tr>
                    <td>86</td>
                    <td class="TestProductPut">TestProductPut</td>
                    <td>test_product_put_25</td>
                    <td>商品上架成功-下架时间为空</td>
                    <td>2.08s</td>
                    
                        <td class="text-success">成功</td>
                    
                    <td>
                        <button type="button" class="btn btn-success btn_info">查看详情</button>
                    </td>
                </tr>

                <tr class="test_log">

                    <td colspan="7" class="small text-muted" style=" word-wrap:break-word; word-break:break-all">
                        

                            <pre>test_product_put_25 (test_product_put.TestProductPut)执行——>【通过】
</pre>
                        
                        
                    </td>
                </tr>
            
                <tr>
                    <td>87</td>
                    <td class="TestProductPut">TestProductPut</td>
                    <td>test_product_put_26</td>
                    <td>商品上架成功-备注为空</td>
                    <td>1.72s</td>
                    
                        <td class="text-success">成功</td>
                    
                    <td>
                        <button type="button" class="btn btn-success btn_info">查看详情</button>
                    </td>
                </tr>

                <tr class="test_log">

                    <td colspan="7" class="small text-muted" style=" word-wrap:break-word; word-break:break-all">
                        

                            <pre>test_product_put_26 (test_product_put.TestProductPut)执行——>【通过】
</pre>
                        
                        
                    </td>
                </tr>
            
                <tr>
                    <td>88</td>
                    <td class="TestProductPut">TestProductPut</td>
                    <td>test_product_put_27</td>
                    <td>商品上架失败-销售平台为空</td>
                    <td>1.98s</td>
                    
                        <td class="text-danger">失败</td>
                    
                    <td>
                        <button type="button" class="btn btn-success btn_info">查看详情</button>
                    </td>
                </tr>

                <tr class="test_log">

                    <td colspan="7" class="small text-muted" style=" word-wrap:break-word; word-break:break-all">
                        

                            <pre>test_product_put_27 (test_product_put.TestProductPut)执行——>【失败】
</pre>
                        

                            <pre>Traceback (most recent call last):
</pre>
                        

                            <pre>  File "G:\python3.6.4\lib\unittest\case.py", line 59, in testPartExecutor
    yield
</pre>
                        

                            <pre>  File "G:\python3.6.4\lib\unittest\case.py", line 605, in run
    testMethod()
</pre>
                        

                            <pre>  File "G:\pythonobject\likeClass\library\myddt.py", line 145, in wrapper
    return func(self, *args, **kwargs)
</pre>
                        

                            <pre>  File "G:\pythonobject\likeClass\testcases\test_product_put.py", line 94, in test_product_put
    raise e
</pre>
                        

                            <pre>  File "G:\pythonobject\likeClass\testcases\test_product_put.py", line 87, in test_product_put
    self.assertEqual(self.response["code"], expected_result["code"])
</pre>
                        

                            <pre>  File "G:\python3.6.4\lib\unittest\case.py", line 829, in assertEqual
    assertion_func(first, second, msg=msg)
</pre>
                        

                            <pre>  File "G:\python3.6.4\lib\unittest\case.py", line 1203, in assertMultiLineEqual
    self.fail(self._formatMessage(msg, standardMsg))
</pre>
                        

                            <pre>  File "G:\python3.6.4\lib\unittest\case.py", line 670, in fail
    raise self.failureException(msg)
</pre>
                        

                            <pre>AssertionError: '000000' != 'E00002'
- 000000
+ E00002

</pre>
                        
                        
                    </td>
                </tr>
            
                <tr>
                    <td>89</td>
                    <td class="TestTeacherRequirement">TestTeacherRequirement</td>
                    <td>test_teacher_requirement_1</td>
                    <td>提交需求成功-提交需求时间段教师未提交需求</td>
                    <td>1.2s</td>
                    
                        <td class="text-success">成功</td>
                    
                    <td>
                        <button type="button" class="btn btn-success btn_info">查看详情</button>
                    </td>
                </tr>

                <tr class="test_log">

                    <td colspan="7" class="small text-muted" style=" word-wrap:break-word; word-break:break-all">
                        

                            <pre>test_teacher_requirement_1 (test_teacher_requirement.TestTeacherRequirement)执行——>【通过】
</pre>
                        
                        
                    </td>
                </tr>
            
                <tr>
                    <td>90</td>
                    <td class="TestTeacherRequirement">TestTeacherRequirement</td>
                    <td>test_teacher_requirement_2</td>
                    <td>提交需求失败-提交需求时间小于当前时间</td>
                    <td>0.563s</td>
                    
                        <td class="text-success">成功</td>
                    
                    <td>
                        <button type="button" class="btn btn-success btn_info">查看详情</button>
                    </td>
                </tr>

                <tr class="test_log">

                    <td colspan="7" class="small text-muted" style=" word-wrap:break-word; word-break:break-all">
                        

                            <pre>test_teacher_requirement_2 (test_teacher_requirement.TestTeacherRequirement)执行——>【通过】
</pre>
                        
                        
                    </td>
                </tr>
            

            </tbody>
        </table>
    </div>

    <div style="height: 200px"></div>
</div>

<script src="https://cdn.jsdelivr.net/npm/jquery@3.5.1/dist/jquery.slim.min.js"
        integrity="sha384-DfXdz2htPH0lsSSs5nCTpuj/zy4C+OGpamoFVy38MVBnE+IbbVYUew+OrCXaRkfj"
        crossorigin="anonymous"></script>
<script type="text/javascript" src="https://cdn.jsdelivr.net/npm/echarts/dist/echarts.min.js"></script>

<script>
    var tbodyTr = $('tbody tr');
    var testResult = $("#testResult");
    var testClass = $("#testClass");
    <!--    用例执行详细信息显示切换-->
    $(".btn_info").click(function () {
        $(this).parent().parent().next().toggle();

    });
    // 当选择用例类之后触发
    testClass.change(function () {
        var cls = $(this).val();
        var res = testResult.val();
        elementDisplay(cls, res);
        sort()
    });
    testResult.change(function () {
        var res = $(this).val();
        var cls = testClass.val();
        elementDisplay(cls, res);
        sort()
    });

    function elementDisplay(cls, res) {
        // 用例数据的显示
        if (cls === "所有") {
            if (res === "所有") {
                tbodyTr.has('button').show();
            } else if (res === '成功') {
                tbodyTr.hide();
                tbodyTr.has('button').has('.text-success').show()

            } else if (res === '失败') {
                tbodyTr.hide();
                tbodyTr.has('button').has('.text-danger').show()

            } else if (res === '错误') {
                tbodyTr.hide();
                tbodyTr.has('button').has('.text-warning').show()

            } else if (res === '跳过') {
                tbodyTr.hide();
                tbodyTr.has('button').has('.text-info').show()
            }
        } else {
            if (res === "所有") {
                tbodyTr.hide();
                tbodyTr.has('button').has('.' + cls + '').show()
            } else if (res === '成功') {
                tbodyTr.hide();
                tbodyTr.has('button').has('.' + cls + '').has('.text-success').show()
            } else if (res === '失败') {
                tbodyTr.hide();
                tbodyTr.has('button').has('.' + cls + '').has('.text-danger').show()
            } else if (res === '错误') {
                tbodyTr.hide();
                tbodyTr.has('button').has('.' + cls + '').has('.text-warning').show()
            } else if (res === '跳过') {
                tbodyTr.hide();
                tbodyTr.has('button').has('.' + cls + '').has('.text-info').show()
            }
        }
    }

    function sort() {
        //重新排列显示序号
        // 选择所有可以见的tr
        var visibleTr = tbodyTr.filter(":visible");

        visibleTr.each(function (index, element) {
            element.firstElementChild.innerHTML = index + 1;

        })

    }


</script>

<script type="text/javascript">
    // 基于准备好的dom，初始化echarts实例
    var myChart = echarts.init(document.getElementById('char'));
    var myChart2 = echarts.init(document.getElementById('char2'));
    // 指定图表的配置项和数据
    option = {
        color: ['#00a10a', '#ddb518', 'rgba(204,46,41,0.73)', '#85898c'],
        tooltip: {
            trigger: 'item',
            formatter: '{a} <br/>{b}: {c} ({d}%)'
        },
        legend: {
            orient: 'vertical',
            left: 10,
            data: ['通过', '失败', '错误', '跳过']
        },
        series: [
            {
                name: '测试结果',
                type: 'pie',
                radius: ['50%', '70%'],
                avoidLabelOverlap: false,
                label: {
                    show: false,
                    position: 'center'
                },
                emphasis: {
                    label: {
                        show: true,
                        fontSize: '30',
                        fontWeight: 'bold'
                    }
                },
                labelLine: {
                    show: false
                },
                data: [
                    {value: 50, name: '通过'},
                    {value: 37, name: '失败'},
                    {value: 0, name: '错误'},
                    {value: 3, name: '跳过'}
                ]
            }
        ]
    };
    option2 = {
        tooltip: {
            formatter: '{a} <br/>{b} : {c}%'
        },
        toolbox: {
            feature: {
                restore: {},
                saveAsImage: {}
            }
        },
        series: [
            {
                name: '测试结果',
                type: 'gauge',
                detail: {formatter: '55.56%'},
                data: [{value: '55.56', name: '用例通过率'}],
                axisLine: {
                    lineStyle: {
                        color: [
                            [0.2, '#c20000'],
                            [0.8, '#ddb518'],
                            [1, '#00a10a']]
                    }
                }
            }
        ]
    };


    myChart2.setOption(option2);
    // 使用刚指定的配置项和数据显示图表。
    myChart.setOption(option);
</script>


</body>
</html>